
*** Running vivado
    with args -log zynq_blk_TDCchannel_0_0.vds -m64 -product Vivado -mode batch -messageDb vivado.pb -notrace -source zynq_blk_TDCchannel_0_0.tcl


****** Vivado v2018.3 (64-bit)
  **** SW Build 2405991 on Thu Dec  6 23:38:27 MST 2018
  **** IP Build 2404404 on Fri Dec  7 01:43:56 MST 2018
    ** Copyright 1986-2018 Xilinx, Inc. All Rights Reserved.

source zynq_blk_TDCchannel_0_0.tcl -notrace
INFO: [IP_Flow 19-234] Refreshing IP repositories
INFO: [IP_Flow 19-1700] Loaded user IP repository 'd:/zynq_tdc/tdc_ip_prj'.
INFO: [IP_Flow 19-2313] Loaded Vivado IP repository 'C:/Xilinx/Vivado/2018.3/data/ip'.
Command: synth_design -top zynq_blk_TDCchannel_0_0 -part xc7z020clg484-2 -mode out_of_context
Starting synth_design
Attempting to get a license for feature 'Synthesis' and/or device 'xc7z020'
INFO: [Common 17-349] Got license for feature 'Synthesis' and/or device 'xc7z020'
INFO: Launching helper process for spawning children vivado processes
INFO: Helper process launched with PID 2396 
---------------------------------------------------------------------------------
Starting RTL Elaboration : Time (s): cpu = 00:00:02 ; elapsed = 00:00:02 . Memory (MB): peak = 392.945 ; gain = 102.988
---------------------------------------------------------------------------------
INFO: [Synth 8-638] synthesizing module 'zynq_blk_TDCchannel_0_0' [d:/zynq_tdc/tdc_system_prj/tdc_system_prj.srcs/sources_1/bd/zynq_blk/ip/zynq_blk_TDCchannel_0_0/synth/zynq_blk_TDCchannel_0_0.vhd:66]
	Parameter NTaps bound to: 192 - type: integer 
INFO: [Synth 8-3491] module 'TDCchannel' declared at 'd:/zynq_tdc/tdc_system_prj/tdc_system_prj.srcs/sources_1/bd/zynq_blk/ipshared/34d3/TDCchannel.vhd:25' bound to instance 'U0' of component 'TDCchannel' [d:/zynq_tdc/tdc_system_prj/tdc_system_prj.srcs/sources_1/bd/zynq_blk/ip/zynq_blk_TDCchannel_0_0/synth/zynq_blk_TDCchannel_0_0.vhd:94]
INFO: [Synth 8-638] synthesizing module 'TDCchannel' [d:/zynq_tdc/tdc_system_prj/tdc_system_prj.srcs/sources_1/bd/zynq_blk/ipshared/34d3/TDCchannel.vhd:54]
	Parameter NTaps bound to: 192 - type: integer 
INFO: [Synth 8-638] synthesizing module 'delayLine' [d:/zynq_tdc/tdc_system_prj/tdc_system_prj.srcs/sources_1/bd/zynq_blk/ipshared/34d3/delayLine.vhd:37]
	Parameter NTaps bound to: 192 - type: integer 
INFO: [Synth 8-113] binding component instance 'firstCarry' to cell 'CARRY4' [d:/zynq_tdc/tdc_system_prj/tdc_system_prj.srcs/sources_1/bd/zynq_blk/ipshared/34d3/delayLine.vhd:83]
INFO: [Synth 8-113] binding component instance 'CARRY4_inst' to cell 'CARRY4' [d:/zynq_tdc/tdc_system_prj/tdc_system_prj.srcs/sources_1/bd/zynq_blk/ipshared/34d3/delayLine.vhd:94]
INFO: [Synth 8-113] binding component instance 'CARRY4_inst' to cell 'CARRY4' [d:/zynq_tdc/tdc_system_prj/tdc_system_prj.srcs/sources_1/bd/zynq_blk/ipshared/34d3/delayLine.vhd:94]
INFO: [Synth 8-113] binding component instance 'CARRY4_inst' to cell 'CARRY4' [d:/zynq_tdc/tdc_system_prj/tdc_system_prj.srcs/sources_1/bd/zynq_blk/ipshared/34d3/delayLine.vhd:94]
INFO: [Synth 8-113] binding component instance 'CARRY4_inst' to cell 'CARRY4' [d:/zynq_tdc/tdc_system_prj/tdc_system_prj.srcs/sources_1/bd/zynq_blk/ipshared/34d3/delayLine.vhd:94]
INFO: [Synth 8-113] binding component instance 'CARRY4_inst' to cell 'CARRY4' [d:/zynq_tdc/tdc_system_prj/tdc_system_prj.srcs/sources_1/bd/zynq_blk/ipshared/34d3/delayLine.vhd:94]
INFO: [Synth 8-113] binding component instance 'CARRY4_inst' to cell 'CARRY4' [d:/zynq_tdc/tdc_system_prj/tdc_system_prj.srcs/sources_1/bd/zynq_blk/ipshared/34d3/delayLine.vhd:94]
INFO: [Synth 8-113] binding component instance 'CARRY4_inst' to cell 'CARRY4' [d:/zynq_tdc/tdc_system_prj/tdc_system_prj.srcs/sources_1/bd/zynq_blk/ipshared/34d3/delayLine.vhd:94]
INFO: [Synth 8-113] binding component instance 'CARRY4_inst' to cell 'CARRY4' [d:/zynq_tdc/tdc_system_prj/tdc_system_prj.srcs/sources_1/bd/zynq_blk/ipshared/34d3/delayLine.vhd:94]
INFO: [Synth 8-113] binding component instance 'CARRY4_inst' to cell 'CARRY4' [d:/zynq_tdc/tdc_system_prj/tdc_system_prj.srcs/sources_1/bd/zynq_blk/ipshared/34d3/delayLine.vhd:94]
INFO: [Synth 8-113] binding component instance 'CARRY4_inst' to cell 'CARRY4' [d:/zynq_tdc/tdc_system_prj/tdc_system_prj.srcs/sources_1/bd/zynq_blk/ipshared/34d3/delayLine.vhd:94]
INFO: [Synth 8-113] binding component instance 'CARRY4_inst' to cell 'CARRY4' [d:/zynq_tdc/tdc_system_prj/tdc_system_prj.srcs/sources_1/bd/zynq_blk/ipshared/34d3/delayLine.vhd:94]
INFO: [Synth 8-113] binding component instance 'CARRY4_inst' to cell 'CARRY4' [d:/zynq_tdc/tdc_system_prj/tdc_system_prj.srcs/sources_1/bd/zynq_blk/ipshared/34d3/delayLine.vhd:94]
INFO: [Synth 8-113] binding component instance 'CARRY4_inst' to cell 'CARRY4' [d:/zynq_tdc/tdc_system_prj/tdc_system_prj.srcs/sources_1/bd/zynq_blk/ipshared/34d3/delayLine.vhd:94]
INFO: [Synth 8-113] binding component instance 'CARRY4_inst' to cell 'CARRY4' [d:/zynq_tdc/tdc_system_prj/tdc_system_prj.srcs/sources_1/bd/zynq_blk/ipshared/34d3/delayLine.vhd:94]
INFO: [Synth 8-113] binding component instance 'CARRY4_inst' to cell 'CARRY4' [d:/zynq_tdc/tdc_system_prj/tdc_system_prj.srcs/sources_1/bd/zynq_blk/ipshared/34d3/delayLine.vhd:94]
INFO: [Synth 8-113] binding component instance 'CARRY4_inst' to cell 'CARRY4' [d:/zynq_tdc/tdc_system_prj/tdc_system_prj.srcs/sources_1/bd/zynq_blk/ipshared/34d3/delayLine.vhd:94]
INFO: [Synth 8-113] binding component instance 'CARRY4_inst' to cell 'CARRY4' [d:/zynq_tdc/tdc_system_prj/tdc_system_prj.srcs/sources_1/bd/zynq_blk/ipshared/34d3/delayLine.vhd:94]
INFO: [Synth 8-113] binding component instance 'CARRY4_inst' to cell 'CARRY4' [d:/zynq_tdc/tdc_system_prj/tdc_system_prj.srcs/sources_1/bd/zynq_blk/ipshared/34d3/delayLine.vhd:94]
INFO: [Synth 8-113] binding component instance 'CARRY4_inst' to cell 'CARRY4' [d:/zynq_tdc/tdc_system_prj/tdc_system_prj.srcs/sources_1/bd/zynq_blk/ipshared/34d3/delayLine.vhd:94]
INFO: [Synth 8-113] binding component instance 'CARRY4_inst' to cell 'CARRY4' [d:/zynq_tdc/tdc_system_prj/tdc_system_prj.srcs/sources_1/bd/zynq_blk/ipshared/34d3/delayLine.vhd:94]
INFO: [Synth 8-113] binding component instance 'CARRY4_inst' to cell 'CARRY4' [d:/zynq_tdc/tdc_system_prj/tdc_system_prj.srcs/sources_1/bd/zynq_blk/ipshared/34d3/delayLine.vhd:94]
INFO: [Synth 8-113] binding component instance 'CARRY4_inst' to cell 'CARRY4' [d:/zynq_tdc/tdc_system_prj/tdc_system_prj.srcs/sources_1/bd/zynq_blk/ipshared/34d3/delayLine.vhd:94]
INFO: [Synth 8-113] binding component instance 'CARRY4_inst' to cell 'CARRY4' [d:/zynq_tdc/tdc_system_prj/tdc_system_prj.srcs/sources_1/bd/zynq_blk/ipshared/34d3/delayLine.vhd:94]
INFO: [Synth 8-113] binding component instance 'CARRY4_inst' to cell 'CARRY4' [d:/zynq_tdc/tdc_system_prj/tdc_system_prj.srcs/sources_1/bd/zynq_blk/ipshared/34d3/delayLine.vhd:94]
INFO: [Synth 8-113] binding component instance 'CARRY4_inst' to cell 'CARRY4' [d:/zynq_tdc/tdc_system_prj/tdc_system_prj.srcs/sources_1/bd/zynq_blk/ipshared/34d3/delayLine.vhd:94]
INFO: [Synth 8-113] binding component instance 'CARRY4_inst' to cell 'CARRY4' [d:/zynq_tdc/tdc_system_prj/tdc_system_prj.srcs/sources_1/bd/zynq_blk/ipshared/34d3/delayLine.vhd:94]
INFO: [Synth 8-113] binding component instance 'CARRY4_inst' to cell 'CARRY4' [d:/zynq_tdc/tdc_system_prj/tdc_system_prj.srcs/sources_1/bd/zynq_blk/ipshared/34d3/delayLine.vhd:94]
INFO: [Synth 8-113] binding component instance 'CARRY4_inst' to cell 'CARRY4' [d:/zynq_tdc/tdc_system_prj/tdc_system_prj.srcs/sources_1/bd/zynq_blk/ipshared/34d3/delayLine.vhd:94]
INFO: [Synth 8-113] binding component instance 'CARRY4_inst' to cell 'CARRY4' [d:/zynq_tdc/tdc_system_prj/tdc_system_prj.srcs/sources_1/bd/zynq_blk/ipshared/34d3/delayLine.vhd:94]
INFO: [Synth 8-113] binding component instance 'CARRY4_inst' to cell 'CARRY4' [d:/zynq_tdc/tdc_system_prj/tdc_system_prj.srcs/sources_1/bd/zynq_blk/ipshared/34d3/delayLine.vhd:94]
INFO: [Synth 8-113] binding component instance 'CARRY4_inst' to cell 'CARRY4' [d:/zynq_tdc/tdc_system_prj/tdc_system_prj.srcs/sources_1/bd/zynq_blk/ipshared/34d3/delayLine.vhd:94]
INFO: [Synth 8-113] binding component instance 'CARRY4_inst' to cell 'CARRY4' [d:/zynq_tdc/tdc_system_prj/tdc_system_prj.srcs/sources_1/bd/zynq_blk/ipshared/34d3/delayLine.vhd:94]
INFO: [Synth 8-113] binding component instance 'CARRY4_inst' to cell 'CARRY4' [d:/zynq_tdc/tdc_system_prj/tdc_system_prj.srcs/sources_1/bd/zynq_blk/ipshared/34d3/delayLine.vhd:94]
INFO: [Synth 8-113] binding component instance 'CARRY4_inst' to cell 'CARRY4' [d:/zynq_tdc/tdc_system_prj/tdc_system_prj.srcs/sources_1/bd/zynq_blk/ipshared/34d3/delayLine.vhd:94]
INFO: [Synth 8-113] binding component instance 'CARRY4_inst' to cell 'CARRY4' [d:/zynq_tdc/tdc_system_prj/tdc_system_prj.srcs/sources_1/bd/zynq_blk/ipshared/34d3/delayLine.vhd:94]
INFO: [Synth 8-113] binding component instance 'CARRY4_inst' to cell 'CARRY4' [d:/zynq_tdc/tdc_system_prj/tdc_system_prj.srcs/sources_1/bd/zynq_blk/ipshared/34d3/delayLine.vhd:94]
INFO: [Synth 8-113] binding component instance 'CARRY4_inst' to cell 'CARRY4' [d:/zynq_tdc/tdc_system_prj/tdc_system_prj.srcs/sources_1/bd/zynq_blk/ipshared/34d3/delayLine.vhd:94]
INFO: [Synth 8-113] binding component instance 'CARRY4_inst' to cell 'CARRY4' [d:/zynq_tdc/tdc_system_prj/tdc_system_prj.srcs/sources_1/bd/zynq_blk/ipshared/34d3/delayLine.vhd:94]
INFO: [Synth 8-113] binding component instance 'CARRY4_inst' to cell 'CARRY4' [d:/zynq_tdc/tdc_system_prj/tdc_system_prj.srcs/sources_1/bd/zynq_blk/ipshared/34d3/delayLine.vhd:94]
INFO: [Synth 8-113] binding component instance 'CARRY4_inst' to cell 'CARRY4' [d:/zynq_tdc/tdc_system_prj/tdc_system_prj.srcs/sources_1/bd/zynq_blk/ipshared/34d3/delayLine.vhd:94]
INFO: [Synth 8-113] binding component instance 'CARRY4_inst' to cell 'CARRY4' [d:/zynq_tdc/tdc_system_prj/tdc_system_prj.srcs/sources_1/bd/zynq_blk/ipshared/34d3/delayLine.vhd:94]
INFO: [Synth 8-113] binding component instance 'CARRY4_inst' to cell 'CARRY4' [d:/zynq_tdc/tdc_system_prj/tdc_system_prj.srcs/sources_1/bd/zynq_blk/ipshared/34d3/delayLine.vhd:94]
INFO: [Synth 8-113] binding component instance 'CARRY4_inst' to cell 'CARRY4' [d:/zynq_tdc/tdc_system_prj/tdc_system_prj.srcs/sources_1/bd/zynq_blk/ipshared/34d3/delayLine.vhd:94]
INFO: [Synth 8-113] binding component instance 'CARRY4_inst' to cell 'CARRY4' [d:/zynq_tdc/tdc_system_prj/tdc_system_prj.srcs/sources_1/bd/zynq_blk/ipshared/34d3/delayLine.vhd:94]
INFO: [Synth 8-113] binding component instance 'CARRY4_inst' to cell 'CARRY4' [d:/zynq_tdc/tdc_system_prj/tdc_system_prj.srcs/sources_1/bd/zynq_blk/ipshared/34d3/delayLine.vhd:94]
INFO: [Synth 8-113] binding component instance 'CARRY4_inst' to cell 'CARRY4' [d:/zynq_tdc/tdc_system_prj/tdc_system_prj.srcs/sources_1/bd/zynq_blk/ipshared/34d3/delayLine.vhd:94]
INFO: [Synth 8-113] binding component instance 'CARRY4_inst' to cell 'CARRY4' [d:/zynq_tdc/tdc_system_prj/tdc_system_prj.srcs/sources_1/bd/zynq_blk/ipshared/34d3/delayLine.vhd:94]
INFO: [Synth 8-638] synthesizing module 'risingEdgeDetector' [d:/zynq_tdc/tdc_system_prj/tdc_system_prj.srcs/sources_1/bd/zynq_blk/ipshared/34d3/risingEdgeDetector.vhd:22]
INFO: [Synth 8-256] done synthesizing module 'risingEdgeDetector' (1#1) [d:/zynq_tdc/tdc_system_prj/tdc_system_prj.srcs/sources_1/bd/zynq_blk/ipshared/34d3/risingEdgeDetector.vhd:22]
INFO: [Synth 8-256] done synthesizing module 'delayLine' (2#1) [d:/zynq_tdc/tdc_system_prj/tdc_system_prj.srcs/sources_1/bd/zynq_blk/ipshared/34d3/delayLine.vhd:37]
INFO: [Synth 8-638] synthesizing module 'encoder' [d:/zynq_tdc/tdc_system_prj/tdc_system_prj.srcs/sources_1/bd/zynq_blk/ipshared/34d3/encoder.vhd:43]
	Parameter NTaps bound to: 192 - type: integer 
	Parameter INIT bound to: 64'b0110100110010110100101100110100110010110011010010110100110010110 
INFO: [Synth 8-113] binding component instance 'LUT6_inst0' to cell 'LUT6' [d:/zynq_tdc/tdc_system_prj/tdc_system_prj.srcs/sources_1/bd/zynq_blk/ipshared/34d3/encoder.vhd:61]
	Parameter INIT bound to: 64'b1000000100010111000101110111111000010111011111100111111011101000 
INFO: [Synth 8-113] binding component instance 'LUT6_inst1' to cell 'LUT6' [d:/zynq_tdc/tdc_system_prj/tdc_system_prj.srcs/sources_1/bd/zynq_blk/ipshared/34d3/encoder.vhd:75]
	Parameter INIT bound to: 64'b1111111011101000111010001000000011101000100000001000000000000000 
INFO: [Synth 8-113] binding component instance 'LUT6_inst2' to cell 'LUT6' [d:/zynq_tdc/tdc_system_prj/tdc_system_prj.srcs/sources_1/bd/zynq_blk/ipshared/34d3/encoder.vhd:89]
	Parameter INIT bound to: 64'b0110100110010110100101100110100110010110011010010110100110010110 
INFO: [Synth 8-113] binding component instance 'LUT6_inst0' to cell 'LUT6' [d:/zynq_tdc/tdc_system_prj/tdc_system_prj.srcs/sources_1/bd/zynq_blk/ipshared/34d3/encoder.vhd:61]
	Parameter INIT bound to: 64'b1000000100010111000101110111111000010111011111100111111011101000 
INFO: [Synth 8-113] binding component instance 'LUT6_inst1' to cell 'LUT6' [d:/zynq_tdc/tdc_system_prj/tdc_system_prj.srcs/sources_1/bd/zynq_blk/ipshared/34d3/encoder.vhd:75]
	Parameter INIT bound to: 64'b1111111011101000111010001000000011101000100000001000000000000000 
INFO: [Synth 8-113] binding component instance 'LUT6_inst2' to cell 'LUT6' [d:/zynq_tdc/tdc_system_prj/tdc_system_prj.srcs/sources_1/bd/zynq_blk/ipshared/34d3/encoder.vhd:89]
	Parameter INIT bound to: 64'b0110100110010110100101100110100110010110011010010110100110010110 
INFO: [Synth 8-113] binding component instance 'LUT6_inst0' to cell 'LUT6' [d:/zynq_tdc/tdc_system_prj/tdc_system_prj.srcs/sources_1/bd/zynq_blk/ipshared/34d3/encoder.vhd:61]
	Parameter INIT bound to: 64'b1000000100010111000101110111111000010111011111100111111011101000 
INFO: [Synth 8-113] binding component instance 'LUT6_inst1' to cell 'LUT6' [d:/zynq_tdc/tdc_system_prj/tdc_system_prj.srcs/sources_1/bd/zynq_blk/ipshared/34d3/encoder.vhd:75]
	Parameter INIT bound to: 64'b1111111011101000111010001000000011101000100000001000000000000000 
INFO: [Synth 8-113] binding component instance 'LUT6_inst2' to cell 'LUT6' [d:/zynq_tdc/tdc_system_prj/tdc_system_prj.srcs/sources_1/bd/zynq_blk/ipshared/34d3/encoder.vhd:89]
	Parameter INIT bound to: 64'b0110100110010110100101100110100110010110011010010110100110010110 
INFO: [Synth 8-113] binding component instance 'LUT6_inst0' to cell 'LUT6' [d:/zynq_tdc/tdc_system_prj/tdc_system_prj.srcs/sources_1/bd/zynq_blk/ipshared/34d3/encoder.vhd:61]
	Parameter INIT bound to: 64'b1000000100010111000101110111111000010111011111100111111011101000 
INFO: [Synth 8-113] binding component instance 'LUT6_inst1' to cell 'LUT6' [d:/zynq_tdc/tdc_system_prj/tdc_system_prj.srcs/sources_1/bd/zynq_blk/ipshared/34d3/encoder.vhd:75]
	Parameter INIT bound to: 64'b1111111011101000111010001000000011101000100000001000000000000000 
INFO: [Synth 8-113] binding component instance 'LUT6_inst2' to cell 'LUT6' [d:/zynq_tdc/tdc_system_prj/tdc_system_prj.srcs/sources_1/bd/zynq_blk/ipshared/34d3/encoder.vhd:89]
	Parameter INIT bound to: 64'b0110100110010110100101100110100110010110011010010110100110010110 
INFO: [Synth 8-113] binding component instance 'LUT6_inst0' to cell 'LUT6' [d:/zynq_tdc/tdc_system_prj/tdc_system_prj.srcs/sources_1/bd/zynq_blk/ipshared/34d3/encoder.vhd:61]
	Parameter INIT bound to: 64'b1000000100010111000101110111111000010111011111100111111011101000 
INFO: [Synth 8-113] binding component instance 'LUT6_inst1' to cell 'LUT6' [d:/zynq_tdc/tdc_system_prj/tdc_system_prj.srcs/sources_1/bd/zynq_blk/ipshared/34d3/encoder.vhd:75]
	Parameter INIT bound to: 64'b1111111011101000111010001000000011101000100000001000000000000000 
INFO: [Synth 8-113] binding component instance 'LUT6_inst2' to cell 'LUT6' [d:/zynq_tdc/tdc_system_prj/tdc_system_prj.srcs/sources_1/bd/zynq_blk/ipshared/34d3/encoder.vhd:89]
	Parameter INIT bound to: 64'b0110100110010110100101100110100110010110011010010110100110010110 
INFO: [Synth 8-113] binding component instance 'LUT6_inst0' to cell 'LUT6' [d:/zynq_tdc/tdc_system_prj/tdc_system_prj.srcs/sources_1/bd/zynq_blk/ipshared/34d3/encoder.vhd:61]
	Parameter INIT bound to: 64'b1000000100010111000101110111111000010111011111100111111011101000 
INFO: [Synth 8-113] binding component instance 'LUT6_inst1' to cell 'LUT6' [d:/zynq_tdc/tdc_system_prj/tdc_system_prj.srcs/sources_1/bd/zynq_blk/ipshared/34d3/encoder.vhd:75]
	Parameter INIT bound to: 64'b1111111011101000111010001000000011101000100000001000000000000000 
INFO: [Synth 8-113] binding component instance 'LUT6_inst2' to cell 'LUT6' [d:/zynq_tdc/tdc_system_prj/tdc_system_prj.srcs/sources_1/bd/zynq_blk/ipshared/34d3/encoder.vhd:89]
	Parameter INIT bound to: 64'b0110100110010110100101100110100110010110011010010110100110010110 
INFO: [Synth 8-113] binding component instance 'LUT6_inst0' to cell 'LUT6' [d:/zynq_tdc/tdc_system_prj/tdc_system_prj.srcs/sources_1/bd/zynq_blk/ipshared/34d3/encoder.vhd:61]
	Parameter INIT bound to: 64'b1000000100010111000101110111111000010111011111100111111011101000 
INFO: [Synth 8-113] binding component instance 'LUT6_inst1' to cell 'LUT6' [d:/zynq_tdc/tdc_system_prj/tdc_system_prj.srcs/sources_1/bd/zynq_blk/ipshared/34d3/encoder.vhd:75]
	Parameter INIT bound to: 64'b1111111011101000111010001000000011101000100000001000000000000000 
INFO: [Synth 8-113] binding component instance 'LUT6_inst2' to cell 'LUT6' [d:/zynq_tdc/tdc_system_prj/tdc_system_prj.srcs/sources_1/bd/zynq_blk/ipshared/34d3/encoder.vhd:89]
	Parameter INIT bound to: 64'b0110100110010110100101100110100110010110011010010110100110010110 
INFO: [Synth 8-113] binding component instance 'LUT6_inst0' to cell 'LUT6' [d:/zynq_tdc/tdc_system_prj/tdc_system_prj.srcs/sources_1/bd/zynq_blk/ipshared/34d3/encoder.vhd:61]
	Parameter INIT bound to: 64'b1000000100010111000101110111111000010111011111100111111011101000 
INFO: [Synth 8-113] binding component instance 'LUT6_inst1' to cell 'LUT6' [d:/zynq_tdc/tdc_system_prj/tdc_system_prj.srcs/sources_1/bd/zynq_blk/ipshared/34d3/encoder.vhd:75]
	Parameter INIT bound to: 64'b1111111011101000111010001000000011101000100000001000000000000000 
INFO: [Synth 8-113] binding component instance 'LUT6_inst2' to cell 'LUT6' [d:/zynq_tdc/tdc_system_prj/tdc_system_prj.srcs/sources_1/bd/zynq_blk/ipshared/34d3/encoder.vhd:89]
	Parameter INIT bound to: 64'b0110100110010110100101100110100110010110011010010110100110010110 
INFO: [Synth 8-113] binding component instance 'LUT6_inst0' to cell 'LUT6' [d:/zynq_tdc/tdc_system_prj/tdc_system_prj.srcs/sources_1/bd/zynq_blk/ipshared/34d3/encoder.vhd:61]
	Parameter INIT bound to: 64'b1000000100010111000101110111111000010111011111100111111011101000 
INFO: [Synth 8-113] binding component instance 'LUT6_inst1' to cell 'LUT6' [d:/zynq_tdc/tdc_system_prj/tdc_system_prj.srcs/sources_1/bd/zynq_blk/ipshared/34d3/encoder.vhd:75]
	Parameter INIT bound to: 64'b1111111011101000111010001000000011101000100000001000000000000000 
INFO: [Synth 8-113] binding component instance 'LUT6_inst2' to cell 'LUT6' [d:/zynq_tdc/tdc_system_prj/tdc_system_prj.srcs/sources_1/bd/zynq_blk/ipshared/34d3/encoder.vhd:89]
	Parameter INIT bound to: 64'b0110100110010110100101100110100110010110011010010110100110010110 
INFO: [Synth 8-113] binding component instance 'LUT6_inst0' to cell 'LUT6' [d:/zynq_tdc/tdc_system_prj/tdc_system_prj.srcs/sources_1/bd/zynq_blk/ipshared/34d3/encoder.vhd:61]
	Parameter INIT bound to: 64'b1000000100010111000101110111111000010111011111100111111011101000 
INFO: [Synth 8-113] binding component instance 'LUT6_inst1' to cell 'LUT6' [d:/zynq_tdc/tdc_system_prj/tdc_system_prj.srcs/sources_1/bd/zynq_blk/ipshared/34d3/encoder.vhd:75]
	Parameter INIT bound to: 64'b1111111011101000111010001000000011101000100000001000000000000000 
INFO: [Synth 8-113] binding component instance 'LUT6_inst2' to cell 'LUT6' [d:/zynq_tdc/tdc_system_prj/tdc_system_prj.srcs/sources_1/bd/zynq_blk/ipshared/34d3/encoder.vhd:89]
	Parameter INIT bound to: 64'b0110100110010110100101100110100110010110011010010110100110010110 
INFO: [Synth 8-113] binding component instance 'LUT6_inst0' to cell 'LUT6' [d:/zynq_tdc/tdc_system_prj/tdc_system_prj.srcs/sources_1/bd/zynq_blk/ipshared/34d3/encoder.vhd:61]
	Parameter INIT bound to: 64'b1000000100010111000101110111111000010111011111100111111011101000 
INFO: [Synth 8-113] binding component instance 'LUT6_inst1' to cell 'LUT6' [d:/zynq_tdc/tdc_system_prj/tdc_system_prj.srcs/sources_1/bd/zynq_blk/ipshared/34d3/encoder.vhd:75]
	Parameter INIT bound to: 64'b1111111011101000111010001000000011101000100000001000000000000000 
INFO: [Synth 8-113] binding component instance 'LUT6_inst2' to cell 'LUT6' [d:/zynq_tdc/tdc_system_prj/tdc_system_prj.srcs/sources_1/bd/zynq_blk/ipshared/34d3/encoder.vhd:89]
	Parameter INIT bound to: 64'b0110100110010110100101100110100110010110011010010110100110010110 
INFO: [Synth 8-113] binding component instance 'LUT6_inst0' to cell 'LUT6' [d:/zynq_tdc/tdc_system_prj/tdc_system_prj.srcs/sources_1/bd/zynq_blk/ipshared/34d3/encoder.vhd:61]
	Parameter INIT bound to: 64'b1000000100010111000101110111111000010111011111100111111011101000 
INFO: [Synth 8-113] binding component instance 'LUT6_inst1' to cell 'LUT6' [d:/zynq_tdc/tdc_system_prj/tdc_system_prj.srcs/sources_1/bd/zynq_blk/ipshared/34d3/encoder.vhd:75]
	Parameter INIT bound to: 64'b1111111011101000111010001000000011101000100000001000000000000000 
INFO: [Synth 8-113] binding component instance 'LUT6_inst2' to cell 'LUT6' [d:/zynq_tdc/tdc_system_prj/tdc_system_prj.srcs/sources_1/bd/zynq_blk/ipshared/34d3/encoder.vhd:89]
	Parameter INIT bound to: 64'b0110100110010110100101100110100110010110011010010110100110010110 
INFO: [Synth 8-113] binding component instance 'LUT6_inst0' to cell 'LUT6' [d:/zynq_tdc/tdc_system_prj/tdc_system_prj.srcs/sources_1/bd/zynq_blk/ipshared/34d3/encoder.vhd:61]
	Parameter INIT bound to: 64'b1000000100010111000101110111111000010111011111100111111011101000 
INFO: [Synth 8-113] binding component instance 'LUT6_inst1' to cell 'LUT6' [d:/zynq_tdc/tdc_system_prj/tdc_system_prj.srcs/sources_1/bd/zynq_blk/ipshared/34d3/encoder.vhd:75]
	Parameter INIT bound to: 64'b1111111011101000111010001000000011101000100000001000000000000000 
INFO: [Synth 8-113] binding component instance 'LUT6_inst2' to cell 'LUT6' [d:/zynq_tdc/tdc_system_prj/tdc_system_prj.srcs/sources_1/bd/zynq_blk/ipshared/34d3/encoder.vhd:89]
	Parameter INIT bound to: 64'b0110100110010110100101100110100110010110011010010110100110010110 
INFO: [Synth 8-113] binding component instance 'LUT6_inst0' to cell 'LUT6' [d:/zynq_tdc/tdc_system_prj/tdc_system_prj.srcs/sources_1/bd/zynq_blk/ipshared/34d3/encoder.vhd:61]
	Parameter INIT bound to: 64'b1000000100010111000101110111111000010111011111100111111011101000 
INFO: [Synth 8-113] binding component instance 'LUT6_inst1' to cell 'LUT6' [d:/zynq_tdc/tdc_system_prj/tdc_system_prj.srcs/sources_1/bd/zynq_blk/ipshared/34d3/encoder.vhd:75]
	Parameter INIT bound to: 64'b1111111011101000111010001000000011101000100000001000000000000000 
INFO: [Synth 8-113] binding component instance 'LUT6_inst2' to cell 'LUT6' [d:/zynq_tdc/tdc_system_prj/tdc_system_prj.srcs/sources_1/bd/zynq_blk/ipshared/34d3/encoder.vhd:89]
	Parameter INIT bound to: 64'b0110100110010110100101100110100110010110011010010110100110010110 
INFO: [Synth 8-113] binding component instance 'LUT6_inst0' to cell 'LUT6' [d:/zynq_tdc/tdc_system_prj/tdc_system_prj.srcs/sources_1/bd/zynq_blk/ipshared/34d3/encoder.vhd:61]
	Parameter INIT bound to: 64'b1000000100010111000101110111111000010111011111100111111011101000 
INFO: [Synth 8-113] binding component instance 'LUT6_inst1' to cell 'LUT6' [d:/zynq_tdc/tdc_system_prj/tdc_system_prj.srcs/sources_1/bd/zynq_blk/ipshared/34d3/encoder.vhd:75]
	Parameter INIT bound to: 64'b1111111011101000111010001000000011101000100000001000000000000000 
INFO: [Synth 8-113] binding component instance 'LUT6_inst2' to cell 'LUT6' [d:/zynq_tdc/tdc_system_prj/tdc_system_prj.srcs/sources_1/bd/zynq_blk/ipshared/34d3/encoder.vhd:89]
	Parameter INIT bound to: 64'b0110100110010110100101100110100110010110011010010110100110010110 
INFO: [Synth 8-113] binding component instance 'LUT6_inst0' to cell 'LUT6' [d:/zynq_tdc/tdc_system_prj/tdc_system_prj.srcs/sources_1/bd/zynq_blk/ipshared/34d3/encoder.vhd:61]
	Parameter INIT bound to: 64'b1000000100010111000101110111111000010111011111100111111011101000 
INFO: [Synth 8-113] binding component instance 'LUT6_inst1' to cell 'LUT6' [d:/zynq_tdc/tdc_system_prj/tdc_system_prj.srcs/sources_1/bd/zynq_blk/ipshared/34d3/encoder.vhd:75]
	Parameter INIT bound to: 64'b1111111011101000111010001000000011101000100000001000000000000000 
INFO: [Synth 8-113] binding component instance 'LUT6_inst2' to cell 'LUT6' [d:/zynq_tdc/tdc_system_prj/tdc_system_prj.srcs/sources_1/bd/zynq_blk/ipshared/34d3/encoder.vhd:89]
	Parameter INIT bound to: 64'b0110100110010110100101100110100110010110011010010110100110010110 
INFO: [Synth 8-113] binding component instance 'LUT6_inst0' to cell 'LUT6' [d:/zynq_tdc/tdc_system_prj/tdc_system_prj.srcs/sources_1/bd/zynq_blk/ipshared/34d3/encoder.vhd:61]
	Parameter INIT bound to: 64'b1000000100010111000101110111111000010111011111100111111011101000 
INFO: [Synth 8-113] binding component instance 'LUT6_inst1' to cell 'LUT6' [d:/zynq_tdc/tdc_system_prj/tdc_system_prj.srcs/sources_1/bd/zynq_blk/ipshared/34d3/encoder.vhd:75]
	Parameter INIT bound to: 64'b1111111011101000111010001000000011101000100000001000000000000000 
INFO: [Synth 8-113] binding component instance 'LUT6_inst2' to cell 'LUT6' [d:/zynq_tdc/tdc_system_prj/tdc_system_prj.srcs/sources_1/bd/zynq_blk/ipshared/34d3/encoder.vhd:89]
	Parameter INIT bound to: 64'b0110100110010110100101100110100110010110011010010110100110010110 
INFO: [Synth 8-113] binding component instance 'LUT6_inst0' to cell 'LUT6' [d:/zynq_tdc/tdc_system_prj/tdc_system_prj.srcs/sources_1/bd/zynq_blk/ipshared/34d3/encoder.vhd:61]
INFO: [Common 17-14] Message 'Synth 8-113' appears 100 times and further instances of the messages will be disabled. Use the Tcl command set_msg_config to change the current settings.
	Parameter INIT bound to: 64'b1000000100010111000101110111111000010111011111100111111011101000 
	Parameter INIT bound to: 64'b1111111011101000111010001000000011101000100000001000000000000000 
	Parameter INIT bound to: 64'b0110100110010110100101100110100110010110011010010110100110010110 
	Parameter INIT bound to: 64'b1000000100010111000101110111111000010111011111100111111011101000 
	Parameter INIT bound to: 64'b1111111011101000111010001000000011101000100000001000000000000000 
	Parameter INIT bound to: 64'b0110100110010110100101100110100110010110011010010110100110010110 
	Parameter INIT bound to: 64'b1000000100010111000101110111111000010111011111100111111011101000 
	Parameter INIT bound to: 64'b1111111011101000111010001000000011101000100000001000000000000000 
	Parameter INIT bound to: 64'b0110100110010110100101100110100110010110011010010110100110010110 
	Parameter INIT bound to: 64'b1000000100010111000101110111111000010111011111100111111011101000 
	Parameter INIT bound to: 64'b1111111011101000111010001000000011101000100000001000000000000000 
	Parameter INIT bound to: 64'b0110100110010110100101100110100110010110011010010110100110010110 
	Parameter INIT bound to: 64'b1000000100010111000101110111111000010111011111100111111011101000 
	Parameter INIT bound to: 64'b1111111011101000111010001000000011101000100000001000000000000000 
	Parameter INIT bound to: 64'b0110100110010110100101100110100110010110011010010110100110010110 
	Parameter INIT bound to: 64'b1000000100010111000101110111111000010111011111100111111011101000 
	Parameter INIT bound to: 64'b1111111011101000111010001000000011101000100000001000000000000000 
	Parameter INIT bound to: 64'b0110100110010110100101100110100110010110011010010110100110010110 
	Parameter INIT bound to: 64'b1000000100010111000101110111111000010111011111100111111011101000 
	Parameter INIT bound to: 64'b1111111011101000111010001000000011101000100000001000000000000000 
	Parameter INIT bound to: 64'b0110100110010110100101100110100110010110011010010110100110010110 
	Parameter INIT bound to: 64'b1000000100010111000101110111111000010111011111100111111011101000 
	Parameter INIT bound to: 64'b1111111011101000111010001000000011101000100000001000000000000000 
	Parameter INIT bound to: 64'b0110100110010110100101100110100110010110011010010110100110010110 
	Parameter INIT bound to: 64'b1000000100010111000101110111111000010111011111100111111011101000 
	Parameter INIT bound to: 64'b1111111011101000111010001000000011101000100000001000000000000000 
	Parameter INIT bound to: 64'b0110100110010110100101100110100110010110011010010110100110010110 
	Parameter INIT bound to: 64'b1000000100010111000101110111111000010111011111100111111011101000 
	Parameter INIT bound to: 64'b1111111011101000111010001000000011101000100000001000000000000000 
	Parameter INIT bound to: 64'b0110100110010110100101100110100110010110011010010110100110010110 
	Parameter INIT bound to: 64'b1000000100010111000101110111111000010111011111100111111011101000 
	Parameter INIT bound to: 64'b1111111011101000111010001000000011101000100000001000000000000000 
	Parameter INIT bound to: 64'b0110100110010110100101100110100110010110011010010110100110010110 
	Parameter INIT bound to: 64'b1000000100010111000101110111111000010111011111100111111011101000 
	Parameter INIT bound to: 64'b1111111011101000111010001000000011101000100000001000000000000000 
	Parameter INIT bound to: 64'b0110100110010110100101100110100110010110011010010110100110010110 
	Parameter INIT bound to: 64'b1000000100010111000101110111111000010111011111100111111011101000 
	Parameter INIT bound to: 64'b1111111011101000111010001000000011101000100000001000000000000000 
	Parameter INIT bound to: 64'b0110100110010110100101100110100110010110011010010110100110010110 
	Parameter INIT bound to: 64'b1000000100010111000101110111111000010111011111100111111011101000 
	Parameter INIT bound to: 64'b1111111011101000111010001000000011101000100000001000000000000000 
	Parameter INIT bound to: 64'b0110100110010110100101100110100110010110011010010110100110010110 
	Parameter INIT bound to: 64'b1000000100010111000101110111111000010111011111100111111011101000 
	Parameter INIT bound to: 64'b1111111011101000111010001000000011101000100000001000000000000000 
INFO: [Synth 8-638] synthesizing module 'adderTreeLegacy' [d:/zynq_tdc/tdc_system_prj/tdc_system_prj.srcs/sources_1/bd/zynq_blk/ipshared/34d3/adderTreeLegacy.vhd:48]
	Parameter INPUTS bound to: 32 - type: integer 
	Parameter BITS bound to: 3 - type: integer 
	Parameter LEVEL bound to: 5 - type: integer 
	Parameter Y_OUT_LEN bound to: 8 - type: integer 
INFO: [Synth 8-638] synthesizing module 'adderTreeLegacy__parameterized0' [d:/zynq_tdc/tdc_system_prj/tdc_system_prj.srcs/sources_1/bd/zynq_blk/ipshared/34d3/adderTreeLegacy.vhd:48]
	Parameter INPUTS bound to: 16 - type: integer 
	Parameter BITS bound to: 4 - type: integer 
	Parameter LEVEL bound to: 4 - type: integer 
	Parameter Y_OUT_LEN bound to: 8 - type: integer 
INFO: [Synth 8-638] synthesizing module 'adderTreeLegacy__parameterized1' [d:/zynq_tdc/tdc_system_prj/tdc_system_prj.srcs/sources_1/bd/zynq_blk/ipshared/34d3/adderTreeLegacy.vhd:48]
	Parameter INPUTS bound to: 8 - type: integer 
	Parameter BITS bound to: 5 - type: integer 
	Parameter LEVEL bound to: 3 - type: integer 
	Parameter Y_OUT_LEN bound to: 8 - type: integer 
INFO: [Synth 8-638] synthesizing module 'adderTreeLegacy__parameterized2' [d:/zynq_tdc/tdc_system_prj/tdc_system_prj.srcs/sources_1/bd/zynq_blk/ipshared/34d3/adderTreeLegacy.vhd:48]
	Parameter INPUTS bound to: 4 - type: integer 
	Parameter BITS bound to: 6 - type: integer 
	Parameter LEVEL bound to: 2 - type: integer 
	Parameter Y_OUT_LEN bound to: 8 - type: integer 
INFO: [Synth 8-638] synthesizing module 'adderTreeLegacy__parameterized3' [d:/zynq_tdc/tdc_system_prj/tdc_system_prj.srcs/sources_1/bd/zynq_blk/ipshared/34d3/adderTreeLegacy.vhd:48]
	Parameter INPUTS bound to: 2 - type: integer 
	Parameter BITS bound to: 7 - type: integer 
	Parameter LEVEL bound to: 1 - type: integer 
	Parameter Y_OUT_LEN bound to: 8 - type: integer 
INFO: [Synth 8-256] done synthesizing module 'adderTreeLegacy__parameterized3' (3#1) [d:/zynq_tdc/tdc_system_prj/tdc_system_prj.srcs/sources_1/bd/zynq_blk/ipshared/34d3/adderTreeLegacy.vhd:48]
INFO: [Synth 8-256] done synthesizing module 'adderTreeLegacy__parameterized2' (3#1) [d:/zynq_tdc/tdc_system_prj/tdc_system_prj.srcs/sources_1/bd/zynq_blk/ipshared/34d3/adderTreeLegacy.vhd:48]
INFO: [Synth 8-256] done synthesizing module 'adderTreeLegacy__parameterized1' (3#1) [d:/zynq_tdc/tdc_system_prj/tdc_system_prj.srcs/sources_1/bd/zynq_blk/ipshared/34d3/adderTreeLegacy.vhd:48]
INFO: [Synth 8-256] done synthesizing module 'adderTreeLegacy__parameterized0' (3#1) [d:/zynq_tdc/tdc_system_prj/tdc_system_prj.srcs/sources_1/bd/zynq_blk/ipshared/34d3/adderTreeLegacy.vhd:48]
INFO: [Synth 8-256] done synthesizing module 'adderTreeLegacy' (3#1) [d:/zynq_tdc/tdc_system_prj/tdc_system_prj.srcs/sources_1/bd/zynq_blk/ipshared/34d3/adderTreeLegacy.vhd:48]
INFO: [Synth 8-256] done synthesizing module 'encoder' (4#1) [d:/zynq_tdc/tdc_system_prj/tdc_system_prj.srcs/sources_1/bd/zynq_blk/ipshared/34d3/encoder.vhd:43]
INFO: [Synth 8-638] synthesizing module 'counter' [d:/zynq_tdc/tdc_system_prj/tdc_system_prj.srcs/sources_1/bd/zynq_blk/ipshared/34d3/counter.vhd:35]
	Parameter BITS bound to: 24 - type: integer 
INFO: [Synth 8-256] done synthesizing module 'counter' (5#1) [d:/zynq_tdc/tdc_system_prj/tdc_system_prj.srcs/sources_1/bd/zynq_blk/ipshared/34d3/counter.vhd:35]
INFO: [Synth 8-256] done synthesizing module 'TDCchannel' (6#1) [d:/zynq_tdc/tdc_system_prj/tdc_system_prj.srcs/sources_1/bd/zynq_blk/ipshared/34d3/TDCchannel.vhd:54]
INFO: [Synth 8-256] done synthesizing module 'zynq_blk_TDCchannel_0_0' (7#1) [d:/zynq_tdc/tdc_system_prj/tdc_system_prj.srcs/sources_1/bd/zynq_blk/ip/zynq_blk_TDCchannel_0_0/synth/zynq_blk_TDCchannel_0_0.vhd:66]
---------------------------------------------------------------------------------
Finished RTL Elaboration : Time (s): cpu = 00:00:03 ; elapsed = 00:00:03 . Memory (MB): peak = 449.504 ; gain = 159.547
---------------------------------------------------------------------------------

Report Check Netlist: 
+------+------------------+-------+---------+-------+------------------+
|      |Item              |Errors |Warnings |Status |Description       |
+------+------------------+-------+---------+-------+------------------+
|1     |multi_driven_nets |      0|        0|Passed |Multi driven nets |
+------+------------------+-------+---------+-------+------------------+
---------------------------------------------------------------------------------
Start Handling Custom Attributes
---------------------------------------------------------------------------------
---------------------------------------------------------------------------------
Finished Handling Custom Attributes : Time (s): cpu = 00:00:03 ; elapsed = 00:00:03 . Memory (MB): peak = 449.504 ; gain = 159.547
---------------------------------------------------------------------------------
---------------------------------------------------------------------------------
Finished RTL Optimization Phase 1 : Time (s): cpu = 00:00:03 ; elapsed = 00:00:03 . Memory (MB): peak = 449.504 ; gain = 159.547
---------------------------------------------------------------------------------
INFO: [Netlist 29-17] Analyzing 48 Unisim elements for replacement
INFO: [Netlist 29-28] Unisim Transformation completed in 0 CPU seconds
INFO: [Device 21-403] Loading part xc7z020clg484-2
INFO: [Project 1-570] Preparing netlist for logic optimization

Processing XDC Constraints
Initializing timing engine
Completed Processing XDC Constraints

Netlist sorting complete. Time (s): cpu = 00:00:00 ; elapsed = 00:00:00.001 . Memory (MB): peak = 792.102 ; gain = 0.000
INFO: [Project 1-111] Unisim Transformation Summary:
No Unisim elements were transformed.

Netlist sorting complete. Time (s): cpu = 00:00:00 ; elapsed = 00:00:00 . Memory (MB): peak = 792.102 ; gain = 0.000
WARNING: [Constraints 18-5210] No constraints selected for write.
Resolution: This message can indicate that there are no constraints for the design, or it can indicate that the used_in flags are set such that the constraints are ignored. This later case is used when running synth_design to not write synthesis constraints to the resulting checkpoint. Instead, project constraints are read when the synthesized design is opened.
Constraint Validation Runtime : Time (s): cpu = 00:00:00 ; elapsed = 00:00:00.072 . Memory (MB): peak = 793.996 ; gain = 1.895
---------------------------------------------------------------------------------
Finished Constraint Validation : Time (s): cpu = 00:00:10 ; elapsed = 00:00:13 . Memory (MB): peak = 793.996 ; gain = 504.039
---------------------------------------------------------------------------------
---------------------------------------------------------------------------------
Start Loading Part and Timing Information
---------------------------------------------------------------------------------
Loading part: xc7z020clg484-2
---------------------------------------------------------------------------------
Finished Loading Part and Timing Information : Time (s): cpu = 00:00:10 ; elapsed = 00:00:13 . Memory (MB): peak = 793.996 ; gain = 504.039
---------------------------------------------------------------------------------
---------------------------------------------------------------------------------
Start Applying 'set_property' XDC Constraints
---------------------------------------------------------------------------------
---------------------------------------------------------------------------------
Finished applying 'set_property' XDC Constraints : Time (s): cpu = 00:00:10 ; elapsed = 00:00:13 . Memory (MB): peak = 793.996 ; gain = 504.039
---------------------------------------------------------------------------------
---------------------------------------------------------------------------------
Finished RTL Optimization Phase 2 : Time (s): cpu = 00:00:10 ; elapsed = 00:00:14 . Memory (MB): peak = 793.996 ; gain = 504.039
---------------------------------------------------------------------------------

Report RTL Partitions: 
+-+--------------+------------+----------+
| |RTL Partition |Replication |Instances |
+-+--------------+------------+----------+
+-+--------------+------------+----------+
---------------------------------------------------------------------------------
Start RTL Component Statistics 
---------------------------------------------------------------------------------
Detailed RTL Component Info : 
+---Adders : 
	   2 Input      8 Bit       Adders := 1     
	   2 Input      7 Bit       Adders := 2     
	   2 Input      6 Bit       Adders := 4     
	   2 Input      5 Bit       Adders := 8     
	   2 Input      4 Bit       Adders := 16    
+---Registers : 
	              192 Bit    Registers := 2     
	               96 Bit    Registers := 1     
	               64 Bit    Registers := 1     
	               40 Bit    Registers := 1     
	               24 Bit    Registers := 1     
	               14 Bit    Registers := 1     
	                8 Bit    Registers := 1     
	                1 Bit    Registers := 8     
---------------------------------------------------------------------------------
Finished RTL Component Statistics 
---------------------------------------------------------------------------------
---------------------------------------------------------------------------------
Start RTL Hierarchical Component Statistics 
---------------------------------------------------------------------------------
Hierarchical RTL Component report 
Module risingEdgeDetector 
Detailed RTL Component Info : 
+---Registers : 
	                1 Bit    Registers := 1     
Module delayLine 
Detailed RTL Component Info : 
+---Registers : 
	              192 Bit    Registers := 2     
	                1 Bit    Registers := 1     
Module adderTreeLegacy__parameterized3 
Detailed RTL Component Info : 
+---Adders : 
	   2 Input      8 Bit       Adders := 1     
+---Registers : 
	               14 Bit    Registers := 1     
	                1 Bit    Registers := 1     
Module adderTreeLegacy__parameterized2 
Detailed RTL Component Info : 
+---Adders : 
	   2 Input      7 Bit       Adders := 2     
+---Registers : 
	               24 Bit    Registers := 1     
	                1 Bit    Registers := 1     
Module adderTreeLegacy__parameterized1 
Detailed RTL Component Info : 
+---Adders : 
	   2 Input      6 Bit       Adders := 4     
+---Registers : 
	               40 Bit    Registers := 1     
	                1 Bit    Registers := 1     
Module adderTreeLegacy__parameterized0 
Detailed RTL Component Info : 
+---Adders : 
	   2 Input      5 Bit       Adders := 8     
+---Registers : 
	               64 Bit    Registers := 1     
	                1 Bit    Registers := 1     
Module adderTreeLegacy 
Detailed RTL Component Info : 
+---Adders : 
	   2 Input      4 Bit       Adders := 16    
+---Registers : 
	               96 Bit    Registers := 1     
	                1 Bit    Registers := 1     
Module encoder 
Detailed RTL Component Info : 
+---Registers : 
	                8 Bit    Registers := 1     
	                1 Bit    Registers := 1     
---------------------------------------------------------------------------------
Finished RTL Hierarchical Component Statistics
---------------------------------------------------------------------------------
---------------------------------------------------------------------------------
Start Part Resource Summary
---------------------------------------------------------------------------------
Part Resources:
DSPs: 220 (col length:60)
BRAMs: 280 (col length: RAMB18 60 RAMB36 30)
---------------------------------------------------------------------------------
Finished Part Resource Summary
---------------------------------------------------------------------------------
---------------------------------------------------------------------------------
Start Cross Boundary and Area Optimization
---------------------------------------------------------------------------------
Warning: Parallel synthesis criteria is not met 
---------------------------------------------------------------------------------
Finished Cross Boundary and Area Optimization : Time (s): cpu = 00:00:11 ; elapsed = 00:00:14 . Memory (MB): peak = 793.996 ; gain = 504.039
---------------------------------------------------------------------------------

Report RTL Partitions: 
+-+--------------+------------+----------+
| |RTL Partition |Replication |Instances |
+-+--------------+------------+----------+
+-+--------------+------------+----------+
---------------------------------------------------------------------------------
Start Applying XDC Timing Constraints
---------------------------------------------------------------------------------
---------------------------------------------------------------------------------
Finished Applying XDC Timing Constraints : Time (s): cpu = 00:00:18 ; elapsed = 00:00:21 . Memory (MB): peak = 793.996 ; gain = 504.039
---------------------------------------------------------------------------------
---------------------------------------------------------------------------------
Start Timing Optimization
---------------------------------------------------------------------------------
---------------------------------------------------------------------------------
Finished Timing Optimization : Time (s): cpu = 00:00:18 ; elapsed = 00:00:21 . Memory (MB): peak = 793.996 ; gain = 504.039
---------------------------------------------------------------------------------

Report RTL Partitions: 
+-+--------------+------------+----------+
| |RTL Partition |Replication |Instances |
+-+--------------+------------+----------+
+-+--------------+------------+----------+
---------------------------------------------------------------------------------
Start Technology Mapping
---------------------------------------------------------------------------------
---------------------------------------------------------------------------------
Finished Technology Mapping : Time (s): cpu = 00:00:18 ; elapsed = 00:00:22 . Memory (MB): peak = 803.922 ; gain = 513.965
---------------------------------------------------------------------------------

Report RTL Partitions: 
+-+--------------+------------+----------+
| |RTL Partition |Replication |Instances |
+-+--------------+------------+----------+
+-+--------------+------------+----------+
---------------------------------------------------------------------------------
Start IO Insertion
---------------------------------------------------------------------------------
---------------------------------------------------------------------------------
Start Flattening Before IO Insertion
---------------------------------------------------------------------------------
---------------------------------------------------------------------------------
Finished Flattening Before IO Insertion
---------------------------------------------------------------------------------
---------------------------------------------------------------------------------
Start Final Netlist Cleanup
---------------------------------------------------------------------------------
---------------------------------------------------------------------------------
Finished Final Netlist Cleanup
---------------------------------------------------------------------------------
---------------------------------------------------------------------------------
Finished IO Insertion : Time (s): cpu = 00:00:19 ; elapsed = 00:00:23 . Memory (MB): peak = 803.922 ; gain = 513.965
---------------------------------------------------------------------------------

Report Check Netlist: 
+------+------------------+-------+---------+-------+------------------+
|      |Item              |Errors |Warnings |Status |Description       |
+------+------------------+-------+---------+-------+------------------+
|1     |multi_driven_nets |      0|        0|Passed |Multi driven nets |
+------+------------------+-------+---------+-------+------------------+
---------------------------------------------------------------------------------
Start Renaming Generated Instances
---------------------------------------------------------------------------------
---------------------------------------------------------------------------------
Finished Renaming Generated Instances : Time (s): cpu = 00:00:19 ; elapsed = 00:00:23 . Memory (MB): peak = 803.922 ; gain = 513.965
---------------------------------------------------------------------------------

Report RTL Partitions: 
+-+--------------+------------+----------+
| |RTL Partition |Replication |Instances |
+-+--------------+------------+----------+
+-+--------------+------------+----------+
---------------------------------------------------------------------------------
Start Rebuilding User Hierarchy
---------------------------------------------------------------------------------
---------------------------------------------------------------------------------
Finished Rebuilding User Hierarchy : Time (s): cpu = 00:00:19 ; elapsed = 00:00:23 . Memory (MB): peak = 803.922 ; gain = 513.965
---------------------------------------------------------------------------------
---------------------------------------------------------------------------------
Start Renaming Generated Ports
---------------------------------------------------------------------------------
---------------------------------------------------------------------------------
Finished Renaming Generated Ports : Time (s): cpu = 00:00:19 ; elapsed = 00:00:23 . Memory (MB): peak = 803.922 ; gain = 513.965
---------------------------------------------------------------------------------
---------------------------------------------------------------------------------
Start Handling Custom Attributes
---------------------------------------------------------------------------------
---------------------------------------------------------------------------------
Finished Handling Custom Attributes : Time (s): cpu = 00:00:19 ; elapsed = 00:00:23 . Memory (MB): peak = 803.922 ; gain = 513.965
---------------------------------------------------------------------------------
---------------------------------------------------------------------------------
Start Renaming Generated Nets
---------------------------------------------------------------------------------
---------------------------------------------------------------------------------
Finished Renaming Generated Nets : Time (s): cpu = 00:00:19 ; elapsed = 00:00:23 . Memory (MB): peak = 803.922 ; gain = 513.965
---------------------------------------------------------------------------------
---------------------------------------------------------------------------------
Start ROM, RAM, DSP and Shift Register Reporting
---------------------------------------------------------------------------------

Static Shift Register Report:
+------------------------+-------------------------+--------+-------+--------------+--------------------+-------------------+--------+---------+
|Module Name             | RTL Name                | Length | Width | Reset Signal | Pull out first Reg | Pull out last Reg | SRL16E | SRLC32E | 
+------------------------+-------------------------+--------+-------+--------------+--------------------+-------------------+--------+---------+
|zynq_blk_TDCchannel_0_0 | U0/encoder/validOut_reg | 6      | 1     | NO           | NO                 | YES               | 1      | 0       | 
+------------------------+-------------------------+--------+-------+--------------+--------------------+-------------------+--------+---------+

---------------------------------------------------------------------------------
Finished ROM, RAM, DSP and Shift Register Reporting
---------------------------------------------------------------------------------
---------------------------------------------------------------------------------
Start Writing Synthesis Report
---------------------------------------------------------------------------------

Report BlackBoxes: 
+-+--------------+----------+
| |BlackBox name |Instances |
+-+--------------+----------+
+-+--------------+----------+

Report Cell Usage: 
+------+-------+------+
|      |Cell   |Count |
+------+-------+------+
|1     |CARRY4 |    60|
|2     |LUT1   |     1|
|3     |LUT2   |    49|
|4     |LUT3   |    20|
|5     |LUT4   |    28|
|6     |LUT5   |     8|
|7     |LUT6   |   152|
|8     |SRL16E |     1|
|9     |FDCE   |     1|
|10    |FDRE   |   656|
+------+-------+------+

Report Instance Areas: 
+------+-----------------------------------+--------------------------------+------+
|      |Instance                           |Module                          |Cells |
+------+-----------------------------------+--------------------------------+------+
|1     |top                                |                                |   976|
|2     |  U0                               |TDCchannel                      |   976|
|3     |    Delay_line                     |delayLine                       |   436|
|4     |      RED                          |risingEdgeDetector              |     2|
|5     |    counter                        |counter                         |    31|
|6     |    encoder                        |encoder                         |   509|
|7     |      Adder_tree                   |adderTreeLegacy                 |   404|
|8     |        \RECURSE.NEXT_LEVEL        |adderTreeLegacy__parameterized0 |   244|
|9     |          \RECURSE.NEXT_LEVEL      |adderTreeLegacy__parameterized1 |   132|
|10    |            \RECURSE.NEXT_LEVEL    |adderTreeLegacy__parameterized2 |    64|
|11    |              \RECURSE.NEXT_LEVEL  |adderTreeLegacy__parameterized3 |    24|
+------+-----------------------------------+--------------------------------+------+
---------------------------------------------------------------------------------
Finished Writing Synthesis Report : Time (s): cpu = 00:00:19 ; elapsed = 00:00:23 . Memory (MB): peak = 803.922 ; gain = 513.965
---------------------------------------------------------------------------------
Synthesis finished with 0 errors, 0 critical warnings and 0 warnings.
Synthesis Optimization Runtime : Time (s): cpu = 00:00:11 ; elapsed = 00:00:16 . Memory (MB): peak = 803.922 ; gain = 169.473
Synthesis Optimization Complete : Time (s): cpu = 00:00:19 ; elapsed = 00:00:23 . Memory (MB): peak = 803.922 ; gain = 513.965
INFO: [Project 1-571] Translating synthesized netlist
INFO: [Netlist 29-17] Analyzing 60 Unisim elements for replacement
INFO: [Netlist 29-28] Unisim Transformation completed in 0 CPU seconds
INFO: [Project 1-570] Preparing netlist for logic optimization
INFO: [Opt 31-138] Pushed 0 inverter(s) to 0 load pin(s).
Netlist sorting complete. Time (s): cpu = 00:00:00 ; elapsed = 00:00:00 . Memory (MB): peak = 812.148 ; gain = 0.000
INFO: [Project 1-111] Unisim Transformation Summary:
No Unisim elements were transformed.

INFO: [Common 17-83] Releasing license: Synthesis
140 Infos, 1 Warnings, 0 Critical Warnings and 0 Errors encountered.
synth_design completed successfully
synth_design: Time (s): cpu = 00:00:20 ; elapsed = 00:00:25 . Memory (MB): peak = 812.258 ; gain = 528.176
Netlist sorting complete. Time (s): cpu = 00:00:00 ; elapsed = 00:00:00 . Memory (MB): peak = 812.258 ; gain = 0.000
WARNING: [Constraints 18-5210] No constraints selected for write.
Resolution: This message can indicate that there are no constraints for the design, or it can indicate that the used_in flags are set such that the constraints are ignored. This later case is used when running synth_design to not write synthesis constraints to the resulting checkpoint. Instead, project constraints are read when the synthesized design is opened.
INFO: [Common 17-1381] The checkpoint 'D:/zynq_tdc/tdc_system_prj/tdc_system_prj.runs/zynq_blk_TDCchannel_0_0_synth_1/zynq_blk_TDCchannel_0_0.dcp' has been generated.
INFO: [Coretcl 2-1648] Added synthesis output to IP cache for IP zynq_blk_TDCchannel_0_0, cache-ID = 1e196a99ae252739
INFO: [Coretcl 2-1174] Renamed 10 cell refs.
Netlist sorting complete. Time (s): cpu = 00:00:00 ; elapsed = 00:00:00 . Memory (MB): peak = 816.629 ; gain = 0.000
WARNING: [Constraints 18-5210] No constraints selected for write.
Resolution: This message can indicate that there are no constraints for the design, or it can indicate that the used_in flags are set such that the constraints are ignored. This later case is used when running synth_design to not write synthesis constraints to the resulting checkpoint. Instead, project constraints are read when the synthesized design is opened.
INFO: [Common 17-1381] The checkpoint 'D:/zynq_tdc/tdc_system_prj/tdc_system_prj.runs/zynq_blk_TDCchannel_0_0_synth_1/zynq_blk_TDCchannel_0_0.dcp' has been generated.
INFO: [runtcl-4] Executing : report_utilization -file zynq_blk_TDCchannel_0_0_utilization_synth.rpt -pb zynq_blk_TDCchannel_0_0_utilization_synth.pb
INFO: [Common 17-206] Exiting Vivado at Fri May 24 22:20:09 2024...
