#-----------------------------------------------------------
# Webtalk v2018.3 (64-bit)
# SW Build 2405991 on Thu Dec  6 23:38:27 MST 2018
# 
# Start of session at: Sat May 25 16:39:07 2024
# Process ID: 7132
# Current directory: D:/zynq_tdc/tdc_system_prj/tdc_system_prj.sdk/webtalk
# Command line: wbtcv.exe -mode batch -source sdk_webtalk.tcl
# Log file: D:/zynq_tdc/tdc_system_prj/tdc_system_prj.sdk/webtalk/webtalk.log
# Journal file: D:/zynq_tdc/tdc_system_prj/tdc_system_prj.sdk/webtalk\webtalk.jou
#-----------------------------------------------------------
source sdk_webtalk.tcl
# webtalk_init -webtalk_dir D:\\zynq_tdc\\tdc_system_prj\\tdc_system_prj.sdk\\webtalk
# webtalk_register_client -client project
# webtalk_add_data -client project -key date_generated -value "2024-05-25 16:39:06" -context "software_version_and_target_device"
# webtalk_add_data -client project -key product_version -value "SDK v2018.3" -context "software_version_and_target_device"
# webtalk_add_data -client project -key build_version -value "2018.3" -context "software_version_and_target_device"
# webtalk_add_data -client project -key os_platform -value "amd64" -context "software_version_and_target_device"
# webtalk_add_data -client project -key registration_id -value "" -context "software_version_and_target_device"
# webtalk_add_data -client project -key tool_flow -value "SDK" -context "software_version_and_target_device"
# webtalk_add_data -client project -key beta -value "false" -context "software_version_and_target_device"
# webtalk_add_data -client project -key route_design -value "NA" -context "software_version_and_target_device"
# webtalk_add_data -client project -key target_family -value "NA" -context "software_version_and_target_device"
# webtalk_add_data -client project -key target_device -value "NA" -context "software_version_and_target_device"
# webtalk_add_data -client project -key target_package -value "NA" -context "software_version_and_target_device"
# webtalk_add_data -client project -key target_speed -value "NA" -context "software_version_and_target_device"
# webtalk_add_data -client project -key random_id -value "r1jtvjjnaph69q2mas6afq5t0o" -context "software_version_and_target_device"
# webtalk_add_data -client project -key project_id -value "2018.3_3" -context "software_version_and_target_device"
# webtalk_add_data -client project -key project_iteration -value "3" -context "software_version_and_target_device"
# webtalk_add_data -client project -key os_name -value "Microsoft Windows 8 or later , 64-bit" -context "user_environment"
# webtalk_add_data -client project -key os_release -value "major release  (build 9200)" -context "user_environment"
# webtalk_add_data -client project -key cpu_name -value "Intel(R) Core(TM) i5-9600KF CPU @ 3.70GHz" -context "user_environment"
# webtalk_add_data -client project -key cpu_speed -value "3696 MHz" -context "user_environment"
# webtalk_add_data -client project -key total_processors -value "1" -context "user_environment"
# webtalk_add_data -client project -key system_ram -value "17.119 GB" -context "user_environment"
# webtalk_register_client -client sdk
# webtalk_add_data -client sdk -key uid -value "1716625471048" -context "sdk\\\\bsp/1716625471048"
# webtalk_add_data -client sdk -key hwid -value "1716608581003" -context "sdk\\\\bsp/1716625471048"
# webtalk_add_data -client sdk -key os -value "freertos10_xilinx" -context "sdk\\\\bsp/1716625471048"
# webtalk_add_data -client sdk -key apptemplate -value "freertos_hello_world" -context "sdk\\\\bsp/1716625471048"
# webtalk_add_data -client sdk -key RecordType -value "BSPCreation" -context "sdk\\\\bsp/1716625471048"
# webtalk_add_data -client sdk -key uid -value "1716625472053" -context "sdk\\\\application/1716625472053"
# webtalk_add_data -client sdk -key hwid -value "1716608581003" -context "sdk\\\\application/1716625472053"
# webtalk_add_data -client sdk -key bspid -value "1716625471048" -context "sdk\\\\application/1716625472053"
# webtalk_add_data -client sdk -key newbsp -value "true" -context "sdk\\\\application/1716625472053"
# webtalk_add_data -client sdk -key os -value "freertos10_xilinx" -context "sdk\\\\application/1716625472053"
# webtalk_add_data -client sdk -key apptemplate -value "freertos_hello_world" -context "sdk\\\\application/1716625472053"
# webtalk_add_data -client sdk -key RecordType -value "APPCreation" -context "sdk\\\\application/1716625472053"
# webtalk_add_data -client sdk -key LangUsed -value "C" -context "sdk\\\\application/1716625472053"
# webtalk_add_data -client sdk -key Procused -value "ps7_cortexa9" -context "sdk\\\\application/1716625472053"
# webtalk_add_data -client sdk -key uid -value "1716625532909" -context "sdk\\\\bsp/1716625532909"
# webtalk_add_data -client sdk -key hwid -value "1716608581003" -context "sdk\\\\bsp/1716625532909"
# webtalk_add_data -client sdk -key os -value "freertos10_xilinx" -context "sdk\\\\bsp/1716625532909"
# webtalk_add_data -client sdk -key apptemplate -value "freertos_lwip_echo_server" -context "sdk\\\\bsp/1716625532909"
# webtalk_add_data -client sdk -key RecordType -value "BSPCreation" -context "sdk\\\\bsp/1716625532909"
# webtalk_add_data -client sdk -key uid -value "1716625534046" -context "sdk\\\\application/1716625534046"
# webtalk_add_data -client sdk -key hwid -value "1716608581003" -context "sdk\\\\application/1716625534046"
# webtalk_add_data -client sdk -key bspid -value "1716625532909" -context "sdk\\\\application/1716625534046"
# webtalk_add_data -client sdk -key newbsp -value "true" -context "sdk\\\\application/1716625534046"
# webtalk_add_data -client sdk -key os -value "freertos10_xilinx" -context "sdk\\\\application/1716625534046"
# webtalk_add_data -client sdk -key apptemplate -value "freertos_lwip_echo_server" -context "sdk\\\\application/1716625534046"
# webtalk_add_data -client sdk -key RecordType -value "APPCreation" -context "sdk\\\\application/1716625534046"
# webtalk_add_data -client sdk -key LangUsed -value "C" -context "sdk\\\\application/1716625534046"
# webtalk_add_data -client sdk -key Procused -value "ps7_cortexa9" -context "sdk\\\\application/1716625534046"
# webtalk_add_data -client sdk -key projSize -value "1199.703125" -context "sdk\\\\application/1716625534046"
# webtalk_add_data -client sdk -key uid -value "NA" -context "sdk\\\\bsp/1716626346074"
# webtalk_add_data -client sdk -key RecordType -value "ToolUsage" -context "sdk\\\\bsp/1716626346074"
# webtalk_add_data -client sdk -key BootgenCount -value "0" -context "sdk\\\\bsp/1716626346074"
# webtalk_add_data -client sdk -key DebugCount -value "13" -context "sdk\\\\bsp/1716626346074"
# webtalk_add_data -client sdk -key PerfCount -value "0" -context "sdk\\\\bsp/1716626346074"
# webtalk_add_data -client sdk -key FlashCount -value "0" -context "sdk\\\\bsp/1716626346074"
# webtalk_add_data -client sdk -key CrossTriggCount -value "0" -context "sdk\\\\bsp/1716626346074"
# webtalk_add_data -client sdk -key QemuDebugCount -value "0" -context "sdk\\\\bsp/1716626346074"
# webtalk_transmit -clientid 4192184519 -regid "" -xml D:\\zynq_tdc\\tdc_system_prj\\tdc_system_prj.sdk\\webtalk\\usage_statistics_ext_sdk.xml -html D:\\zynq_tdc\\tdc_system_prj\\tdc_system_prj.sdk\\webtalk\\usage_statistics_ext_sdk.html -wdm D:\\zynq_tdc\\tdc_system_prj\\tdc_system_prj.sdk\\webtalk\\sdk_webtalk.wdm -intro "<H3>SDK Usage Report</H3><BR>"
# webtalk_terminate
INFO: [Common 17-206] Exiting Webtalk at Sat May 25 16:39:10 2024...
