INFO: [VRFC 10-2263] Analyzing Verilog file "D:/zynq_tdc/tdc_system_prj/tdc_system_prj.sim/sim_1/impl/func/xsim/test_tdc_control_func_impl.v" into library work
INFO: [VRFC 10-311] analyzing module s00_couplers_imp_2VIQFJ
INFO: [VRFC 10-311] analyzing module zynq_blk
INFO: [VRFC 10-311] analyzing module zynq_blk_TDCchannel_0_0
INFO: [VRFC 10-311] analyzing module zynq_blk_TDCchannel_0_0_TDCchannel
INFO: [VRFC 10-311] analyzing module zynq_blk_TDCchannel_0_0_adderTreeLegacy
INFO: [VRFC 10-311] analyzing module zynq_blk_TDCchannel_0_0_adderTreeLegacy__parameterized0
INFO: [VRFC 10-311] analyzing module zynq_blk_TDCchannel_0_0_adderTreeLegacy__parameterized1
INFO: [VRFC 10-311] analyzing module zynq_blk_TDCchannel_0_0_adderTreeLegacy__parameterized2
INFO: [VRFC 10-311] analyzing module zynq_blk_TDCchannel_0_0_adderTreeLegacy__parameterized3
INFO: [VRFC 10-311] analyzing module zynq_blk_TDCchannel_0_0_counter
INFO: [VRFC 10-311] analyzing module zynq_blk_TDCchannel_0_0_delayLine
INFO: [VRFC 10-311] analyzing module zynq_blk_TDCchannel_0_0_encoder
INFO: [VRFC 10-311] analyzing module zynq_blk_TDCchannel_0_0_risingEdgeDetector
INFO: [VRFC 10-311] analyzing module zynq_blk_TDCchannel_1_0
INFO: [VRFC 10-311] analyzing module zynq_blk_TDCchannel_1_0__TDCchannel
INFO: [VRFC 10-311] analyzing module zynq_blk_TDCchannel_1_0__adderTreeLegacy
INFO: [VRFC 10-311] analyzing module zynq_blk_TDCchannel_1_0__adderTreeLegacy__parameterized0
INFO: [VRFC 10-311] analyzing module zynq_blk_TDCchannel_1_0__adderTreeLegacy__parameterized1
INFO: [VRFC 10-311] analyzing module zynq_blk_TDCchannel_1_0__adderTreeLegacy__parameterized2
INFO: [VRFC 10-311] analyzing module zynq_blk_TDCchannel_1_0__adderTreeLegacy__parameterized3
INFO: [VRFC 10-311] analyzing module zynq_blk_TDCchannel_1_0__counter
INFO: [VRFC 10-311] analyzing module zynq_blk_TDCchannel_1_0__delayLine
INFO: [VRFC 10-311] analyzing module zynq_blk_TDCchannel_1_0__encoder
INFO: [VRFC 10-311] analyzing module zynq_blk_TDCchannel_1_0__risingEdgeDetector
INFO: [VRFC 10-311] analyzing module zynq_blk_auto_pc_0
INFO: [VRFC 10-311] analyzing module zynq_blk_auto_pc_0__axi_protocol_converter_v2_1_18_axi_protocol_converter
INFO: [VRFC 10-311] analyzing module zynq_blk_auto_pc_0__axi_protocol_converter_v2_1_18_b2s
INFO: [VRFC 10-311] analyzing module zynq_blk_auto_pc_0__axi_protocol_converter_v2_1_18_b2s_ar_channel
INFO: [VRFC 10-311] analyzing module zynq_blk_auto_pc_0__axi_protocol_converter_v2_1_18_b2s_aw_channel
INFO: [VRFC 10-311] analyzing module zynq_blk_auto_pc_0__axi_protocol_converter_v2_1_18_b2s_b_channel
INFO: [VRFC 10-311] analyzing module zynq_blk_auto_pc_0__axi_protocol_converter_v2_1_18_b2s_cmd_translator
INFO: [VRFC 10-311] analyzing module zynq_blk_auto_pc_0__axi_protocol_converter_v2_1_18_b2s_cmd_translator_1
INFO: [VRFC 10-311] analyzing module zynq_blk_auto_pc_0__axi_protocol_converter_v2_1_18_b2s_incr_cmd
INFO: [VRFC 10-311] analyzing module zynq_blk_auto_pc_0__axi_protocol_converter_v2_1_18_b2s_incr_cmd_2
INFO: [VRFC 10-311] analyzing module zynq_blk_auto_pc_0__axi_protocol_converter_v2_1_18_b2s_r_channel
INFO: [VRFC 10-311] analyzing module zynq_blk_auto_pc_0__axi_protocol_converter_v2_1_18_b2s_rd_cmd_fsm
INFO: [VRFC 10-311] analyzing module zynq_blk_auto_pc_0__axi_protocol_converter_v2_1_18_b2s_simple_fifo
INFO: [VRFC 10-311] analyzing module zynq_blk_auto_pc_0__axi_protocol_converter_v2_1_18_b2s_simple_fifo__parameterized0
INFO: [VRFC 10-311] analyzing module zynq_blk_auto_pc_0__axi_protocol_converter_v2_1_18_b2s_simple_fifo__parameterized1
INFO: [VRFC 10-311] analyzing module zynq_blk_auto_pc_0__axi_protocol_converter_v2_1_18_b2s_simple_fifo__parameterized2
INFO: [VRFC 10-311] analyzing module zynq_blk_auto_pc_0__axi_protocol_converter_v2_1_18_b2s_wr_cmd_fsm
INFO: [VRFC 10-311] analyzing module zynq_blk_auto_pc_0__axi_protocol_converter_v2_1_18_b2s_wrap_cmd
INFO: [VRFC 10-311] analyzing module zynq_blk_auto_pc_0__axi_protocol_converter_v2_1_18_b2s_wrap_cmd_3
INFO: [VRFC 10-311] analyzing module zynq_blk_auto_pc_0__axi_register_slice_v2_1_18_axi_register_slice
INFO: [VRFC 10-311] analyzing module zynq_blk_auto_pc_0__axi_register_slice_v2_1_18_axic_register_slice
INFO: [VRFC 10-311] analyzing module zynq_blk_auto_pc_0__axi_register_slice_v2_1_18_axic_register_slice_0
INFO: [VRFC 10-311] analyzing module zynq_blk_auto_pc_0__axi_register_slice_v2_1_18_axic_register_slice__parameterized1
INFO: [VRFC 10-311] analyzing module zynq_blk_auto_pc_0__axi_register_slice_v2_1_18_axic_register_slice__parameterized2
INFO: [VRFC 10-311] analyzing module zynq_blk_axi_dma_0_0
INFO: [VRFC 10-311] analyzing module zynq_blk_axi_dma_0_0_axi_datamover
INFO: [VRFC 10-311] analyzing module zynq_blk_axi_dma_0_0_axi_datamover_addr_cntl
INFO: [VRFC 10-311] analyzing module zynq_blk_axi_dma_0_0_axi_datamover_cmd_status
INFO: [VRFC 10-311] analyzing module zynq_blk_axi_dma_0_0_axi_datamover_fifo
INFO: [VRFC 10-311] analyzing module zynq_blk_axi_dma_0_0_axi_datamover_fifo__parameterized0
INFO: [VRFC 10-311] analyzing module zynq_blk_axi_dma_0_0_axi_datamover_fifo__parameterized1
INFO: [VRFC 10-311] analyzing module zynq_blk_axi_dma_0_0_axi_datamover_fifo__parameterized2
INFO: [VRFC 10-311] analyzing module zynq_blk_axi_dma_0_0_axi_datamover_fifo__parameterized3
INFO: [VRFC 10-311] analyzing module zynq_blk_axi_dma_0_0_axi_datamover_fifo__parameterized4
INFO: [VRFC 10-311] analyzing module zynq_blk_axi_dma_0_0_axi_datamover_fifo__parameterized5
INFO: [VRFC 10-311] analyzing module zynq_blk_axi_dma_0_0_axi_datamover_fifo__parameterized6
INFO: [VRFC 10-311] analyzing module zynq_blk_axi_dma_0_0_axi_datamover_ibttcc
INFO: [VRFC 10-311] analyzing module zynq_blk_axi_dma_0_0_axi_datamover_indet_btt
INFO: [VRFC 10-311] analyzing module zynq_blk_axi_dma_0_0_axi_datamover_mssai_skid_buf
INFO: [VRFC 10-311] analyzing module zynq_blk_axi_dma_0_0_axi_datamover_reset
INFO: [VRFC 10-311] analyzing module zynq_blk_axi_dma_0_0_axi_datamover_s2mm_full_wrap
INFO: [VRFC 10-311] analyzing module zynq_blk_axi_dma_0_0_axi_datamover_s2mm_realign
INFO: [VRFC 10-311] analyzing module zynq_blk_axi_dma_0_0_axi_datamover_s2mm_scatter
INFO: [VRFC 10-311] analyzing module zynq_blk_axi_dma_0_0_axi_datamover_sfifo_autord
INFO: [VRFC 10-311] analyzing module zynq_blk_axi_dma_0_0_axi_datamover_sfifo_autord__parameterized0
INFO: [VRFC 10-311] analyzing module zynq_blk_axi_dma_0_0_axi_datamover_skid2mm_buf
INFO: [VRFC 10-311] analyzing module zynq_blk_axi_dma_0_0_axi_datamover_skid_buf
INFO: [VRFC 10-311] analyzing module zynq_blk_axi_dma_0_0_axi_datamover_skid_buf__parameterized0
INFO: [VRFC 10-311] analyzing module zynq_blk_axi_dma_0_0_axi_datamover_slice
INFO: [VRFC 10-311] analyzing module zynq_blk_axi_dma_0_0_axi_datamover_strb_gen2
INFO: [VRFC 10-311] analyzing module zynq_blk_axi_dma_0_0_axi_datamover_wr_status_cntl
INFO: [VRFC 10-311] analyzing module zynq_blk_axi_dma_0_0_axi_datamover_wrdata_cntl
INFO: [VRFC 10-311] analyzing module zynq_blk_axi_dma_0_0_axi_dma
INFO: [VRFC 10-311] analyzing module zynq_blk_axi_dma_0_0_axi_dma_lite_if
INFO: [VRFC 10-311] analyzing module zynq_blk_axi_dma_0_0_axi_dma_reg_module
INFO: [VRFC 10-311] analyzing module zynq_blk_axi_dma_0_0_axi_dma_register_s2mm
INFO: [VRFC 10-311] analyzing module zynq_blk_axi_dma_0_0_axi_dma_reset
INFO: [VRFC 10-311] analyzing module zynq_blk_axi_dma_0_0_axi_dma_rst_module
INFO: [VRFC 10-311] analyzing module zynq_blk_axi_dma_0_0_axi_dma_s2mm_cmdsts_if
INFO: [VRFC 10-311] analyzing module zynq_blk_axi_dma_0_0_axi_dma_s2mm_mngr
INFO: [VRFC 10-311] analyzing module zynq_blk_axi_dma_0_0_axi_dma_s2mm_sts_mngr
INFO: [VRFC 10-311] analyzing module zynq_blk_axi_dma_0_0_axi_dma_smple_sm
INFO: [VRFC 10-311] analyzing module zynq_blk_axi_dma_0_0_cdc_sync
INFO: [VRFC 10-311] analyzing module zynq_blk_axi_dma_0_0_cdc_sync_0
INFO: [VRFC 10-311] analyzing module zynq_blk_axi_dma_0_0_cntr_incr_decr_addn_f
INFO: [VRFC 10-311] analyzing module zynq_blk_axi_dma_0_0_cntr_incr_decr_addn_f_1
INFO: [VRFC 10-311] analyzing module zynq_blk_axi_dma_0_0_cntr_incr_decr_addn_f__parameterized0
INFO: [VRFC 10-311] analyzing module zynq_blk_axi_dma_0_0_cntr_incr_decr_addn_f__parameterized0_2
INFO: [VRFC 10-311] analyzing module zynq_blk_axi_dma_0_0_cntr_incr_decr_addn_f__parameterized0_3
INFO: [VRFC 10-311] analyzing module zynq_blk_axi_dma_0_0_cntr_incr_decr_addn_f__parameterized1
INFO: [VRFC 10-311] analyzing module zynq_blk_axi_dma_0_0_dynshreg_f
INFO: [VRFC 10-311] analyzing module zynq_blk_axi_dma_0_0_dynshreg_f__parameterized0
INFO: [VRFC 10-311] analyzing module zynq_blk_axi_dma_0_0_dynshreg_f__parameterized1
INFO: [VRFC 10-311] analyzing module zynq_blk_axi_dma_0_0_dynshreg_f__parameterized2
INFO: [VRFC 10-311] analyzing module zynq_blk_axi_dma_0_0_dynshreg_f__parameterized3
INFO: [VRFC 10-311] analyzing module zynq_blk_axi_dma_0_0_dynshreg_f__parameterized4
INFO: [VRFC 10-311] analyzing module zynq_blk_axi_dma_0_0_srl_fifo_f
INFO: [VRFC 10-311] analyzing module zynq_blk_axi_dma_0_0_srl_fifo_f__parameterized0
INFO: [VRFC 10-311] analyzing module zynq_blk_axi_dma_0_0_srl_fifo_f__parameterized1
INFO: [VRFC 10-311] analyzing module zynq_blk_axi_dma_0_0_srl_fifo_f__parameterized2
INFO: [VRFC 10-311] analyzing module zynq_blk_axi_dma_0_0_srl_fifo_f__parameterized3
INFO: [VRFC 10-311] analyzing module zynq_blk_axi_dma_0_0_srl_fifo_f__parameterized4
INFO: [VRFC 10-311] analyzing module zynq_blk_axi_dma_0_0_srl_fifo_rbu_f
INFO: [VRFC 10-311] analyzing module zynq_blk_axi_dma_0_0_srl_fifo_rbu_f__parameterized0
INFO: [VRFC 10-311] analyzing module zynq_blk_axi_dma_0_0_srl_fifo_rbu_f__parameterized1
INFO: [VRFC 10-311] analyzing module zynq_blk_axi_dma_0_0_srl_fifo_rbu_f__parameterized2
INFO: [VRFC 10-311] analyzing module zynq_blk_axi_dma_0_0_srl_fifo_rbu_f__parameterized3
INFO: [VRFC 10-311] analyzing module zynq_blk_axi_dma_0_0_srl_fifo_rbu_f__parameterized4
INFO: [VRFC 10-311] analyzing module zynq_blk_axi_dma_0_0_sync_fifo_fg
INFO: [VRFC 10-311] analyzing module zynq_blk_axi_dma_0_0_sync_fifo_fg__parameterized0
INFO: [VRFC 10-311] analyzing module zynq_blk_axi_dma_0_0_xpm_counter_updn__parameterized1
INFO: [VRFC 10-311] analyzing module zynq_blk_axi_dma_0_0_xpm_counter_updn__parameterized2
INFO: [VRFC 10-311] analyzing module zynq_blk_axi_dma_0_0_xpm_counter_updn__parameterized2_4
INFO: [VRFC 10-311] analyzing module zynq_blk_axi_dma_0_0_xpm_counter_updn__parameterized3
INFO: [VRFC 10-311] analyzing module zynq_blk_axi_dma_0_0_xpm_counter_updn__parameterized3_5
INFO: [VRFC 10-311] analyzing module zynq_blk_axi_dma_0_0_xpm_counter_updn__parameterized6
INFO: [VRFC 10-311] analyzing module zynq_blk_axi_dma_0_0_xpm_counter_updn__parameterized6_8
INFO: [VRFC 10-311] analyzing module zynq_blk_axi_dma_0_0_xpm_counter_updn__parameterized7
INFO: [VRFC 10-311] analyzing module zynq_blk_axi_dma_0_0_xpm_counter_updn__parameterized7_9
INFO: [VRFC 10-311] analyzing module zynq_blk_axi_dma_0_0_xpm_fifo_base
INFO: [VRFC 10-311] analyzing module zynq_blk_axi_dma_0_0_xpm_fifo_base__parameterized0
INFO: [VRFC 10-311] analyzing module zynq_blk_axi_dma_0_0_xpm_fifo_reg_bit
INFO: [VRFC 10-311] analyzing module zynq_blk_axi_dma_0_0_xpm_fifo_reg_bit_7
INFO: [VRFC 10-311] analyzing module zynq_blk_axi_dma_0_0_xpm_fifo_rst
INFO: [VRFC 10-311] analyzing module zynq_blk_axi_dma_0_0_xpm_fifo_rst_10
INFO: [VRFC 10-311] analyzing module zynq_blk_axi_dma_0_0_xpm_fifo_sync
INFO: [VRFC 10-311] analyzing module zynq_blk_axi_dma_0_0_xpm_fifo_sync__parameterized1
INFO: [VRFC 10-311] analyzing module zynq_blk_axi_dma_0_0_xpm_memory_base
INFO: [VRFC 10-311] analyzing module zynq_blk_axi_dma_0_0_xpm_memory_base__parameterized0
INFO: [VRFC 10-311] analyzing module zynq_blk_axi_gpio_0_0
INFO: [VRFC 10-311] analyzing module zynq_blk_axi_gpio_0_0_GPIO_Core
INFO: [VRFC 10-311] analyzing module zynq_blk_axi_gpio_0_0_address_decoder
INFO: [VRFC 10-311] analyzing module zynq_blk_axi_gpio_0_0_axi_gpio
INFO: [VRFC 10-311] analyzing module zynq_blk_axi_gpio_0_0_axi_lite_ipif
INFO: [VRFC 10-311] analyzing module zynq_blk_axi_gpio_0_0_cdc_sync
INFO: [VRFC 10-311] analyzing module zynq_blk_axi_gpio_0_0_slave_attachment
INFO: [VRFC 10-311] analyzing module zynq_blk_axis_data_fifo_0_0
INFO: [VRFC 10-311] analyzing module zynq_blk_axis_data_fifo_0_0_axis_data_fifo_v2_0_0_top
INFO: [VRFC 10-311] analyzing module zynq_blk_axis_data_fifo_0_0_xpm_cdc_gray
INFO: [VRFC 10-311] analyzing module zynq_blk_axis_data_fifo_0_0_xpm_cdc_gray__2
INFO: [VRFC 10-311] analyzing module zynq_blk_axis_data_fifo_0_0_xpm_cdc_sync_rst
INFO: [VRFC 10-311] analyzing module zynq_blk_axis_data_fifo_0_0_xpm_cdc_sync_rst__3
INFO: [VRFC 10-311] analyzing module zynq_blk_axis_data_fifo_0_0_xpm_cdc_sync_rst__4
INFO: [VRFC 10-311] analyzing module zynq_blk_axis_data_fifo_0_0_xpm_counter_updn__parameterized0
INFO: [VRFC 10-311] analyzing module zynq_blk_axis_data_fifo_0_0_xpm_counter_updn__parameterized0_1
INFO: [VRFC 10-311] analyzing module zynq_blk_axis_data_fifo_0_0_xpm_counter_updn__parameterized1
INFO: [VRFC 10-311] analyzing module zynq_blk_axis_data_fifo_0_0_xpm_counter_updn__parameterized1_2
INFO: [VRFC 10-311] analyzing module zynq_blk_axis_data_fifo_0_0_xpm_counter_updn__parameterized2
INFO: [VRFC 10-311] analyzing module zynq_blk_axis_data_fifo_0_0_xpm_fifo_axis
INFO: [VRFC 10-311] analyzing module zynq_blk_axis_data_fifo_0_0_xpm_fifo_base
INFO: [VRFC 10-311] analyzing module zynq_blk_axis_data_fifo_0_0_xpm_fifo_reg_bit
INFO: [VRFC 10-311] analyzing module zynq_blk_axis_data_fifo_0_0_xpm_fifo_reg_vec
INFO: [VRFC 10-311] analyzing module zynq_blk_axis_data_fifo_0_0_xpm_fifo_reg_vec_0
INFO: [VRFC 10-311] analyzing module zynq_blk_axis_data_fifo_0_0_xpm_fifo_rst
INFO: [VRFC 10-311] analyzing module zynq_blk_axis_data_fifo_0_0_xpm_memory_base
INFO: [VRFC 10-311] analyzing module zynq_blk_clk_wiz_0_0
INFO: [VRFC 10-311] analyzing module zynq_blk_clk_wiz_0_0_zynq_blk_clk_wiz_0_0_clk_wiz
INFO: [VRFC 10-311] analyzing module zynq_blk_proc_rst_clk2_0
INFO: [VRFC 10-311] analyzing module zynq_blk_proc_rst_clk2_0__cdc_sync
INFO: [VRFC 10-311] analyzing module zynq_blk_proc_rst_clk2_0__cdc_sync_0
INFO: [VRFC 10-311] analyzing module zynq_blk_proc_rst_clk2_0__lpf
INFO: [VRFC 10-311] analyzing module zynq_blk_proc_rst_clk2_0__proc_sys_reset
INFO: [VRFC 10-311] analyzing module zynq_blk_proc_rst_clk2_0__sequence_psr
INFO: [VRFC 10-311] analyzing module zynq_blk_proc_rst_clk2_0__upcnt_n
INFO: [VRFC 10-311] analyzing module zynq_blk_processing_system7_0_0
INFO: [VRFC 10-311] analyzing module zynq_blk_processing_system7_0_0_processing_system7_v5_5_processing_system7
INFO: [VRFC 10-311] analyzing module zynq_blk_ps7_0_axi_periph_2
INFO: [VRFC 10-311] analyzing module zynq_blk_rst_ps7_0_100M_1_0
INFO: [VRFC 10-311] analyzing module zynq_blk_rst_ps7_0_100M_1_0__cdc_sync
INFO: [VRFC 10-311] analyzing module zynq_blk_rst_ps7_0_100M_1_0__cdc_sync_0
INFO: [VRFC 10-311] analyzing module zynq_blk_rst_ps7_0_100M_1_0__lpf
INFO: [VRFC 10-311] analyzing module zynq_blk_rst_ps7_0_100M_1_0__proc_sys_reset
INFO: [VRFC 10-311] analyzing module zynq_blk_rst_ps7_0_100M_1_0__sequence_psr
INFO: [VRFC 10-311] analyzing module zynq_blk_rst_ps7_0_100M_1_0__upcnt_n
INFO: [VRFC 10-311] analyzing module zynq_blk_smartconnect_0_0
INFO: [VRFC 10-311] analyzing module zynq_blk_smartconnect_0_0_bd_39ac
INFO: [VRFC 10-311] analyzing module zynq_blk_smartconnect_0_0_bd_39ac_m00e_0
INFO: [VRFC 10-311] analyzing module zynq_blk_smartconnect_0_0_bd_39ac_psr_aclk_0
INFO: [VRFC 10-311] analyzing module zynq_blk_smartconnect_0_0_bd_39ac_s00mmu_0
INFO: [VRFC 10-311] analyzing module zynq_blk_smartconnect_0_0_bd_39ac_s00sic_0
INFO: [VRFC 10-311] analyzing module zynq_blk_smartconnect_0_0_bd_39ac_sawn_0
INFO: [VRFC 10-311] analyzing module zynq_blk_smartconnect_0_0_bd_39ac_sbn_0
INFO: [VRFC 10-311] analyzing module zynq_blk_smartconnect_0_0_bd_39ac_swn_0
INFO: [VRFC 10-311] analyzing module zynq_blk_smartconnect_0_0_cdc_sync
INFO: [VRFC 10-311] analyzing module zynq_blk_smartconnect_0_0_clk_map_imp_KR31NY
INFO: [VRFC 10-311] analyzing module zynq_blk_smartconnect_0_0_lpf
INFO: [VRFC 10-311] analyzing module zynq_blk_smartconnect_0_0_m00_exit_pipeline_imp_1DHYTBP
INFO: [VRFC 10-311] analyzing module zynq_blk_smartconnect_0_0_proc_sys_reset
INFO: [VRFC 10-311] analyzing module zynq_blk_smartconnect_0_0_s00_entry_pipeline_imp_DOF75I
INFO: [VRFC 10-311] analyzing module zynq_blk_smartconnect_0_0_s00_nodes_imp_A9657W
INFO: [VRFC 10-311] analyzing module zynq_blk_smartconnect_0_0_sequence_psr
INFO: [VRFC 10-311] analyzing module zynq_blk_smartconnect_0_0_upcnt_n
INFO: [VRFC 10-311] analyzing module zynq_blk_smartconnect_0_0_xpm_memory_base
INFO: [VRFC 10-311] analyzing module zynq_blk_smartconnect_0_0_xpm_memory_base__parameterized0
INFO: [VRFC 10-311] analyzing module zynq_blk_smartconnect_0_0_xpm_memory_base__parameterized1
INFO: [VRFC 10-311] analyzing module zynq_blk_smartconnect_0_0_xpm_memory_sdpram
INFO: [VRFC 10-311] analyzing module zynq_blk_smartconnect_0_0_xpm_memory_sdpram__parameterized0
INFO: [VRFC 10-311] analyzing module zynq_blk_smartconnect_0_0_xpm_memory_sdpram__parameterized1
INFO: [VRFC 10-311] analyzing module zynq_blk_tdc_control_0_0
INFO: [VRFC 10-311] analyzing module zynq_blk_tdc_control_0_0_tdc_control
INFO: [VRFC 10-311] analyzing module zynq_blk_tdc_ctl_fromps_0_1
INFO: [VRFC 10-311] analyzing module zynq_blk_tdc_ctl_fromps_0_1_tdc_ctl_fromps_v1_0
INFO: [VRFC 10-311] analyzing module zynq_blk_tdc_ctl_fromps_0_1_tdc_ctl_fromps_v1_0_S00_AXI
INFO: [VRFC 10-311] analyzing module zynq_blk_wrapper
INFO: [VRFC 10-311] analyzing module zynq_blk_xbar_0
INFO: [VRFC 10-311] analyzing module zynq_blk_xbar_0_axi_crossbar_v2_1_19_addr_arbiter_sasd
INFO: [VRFC 10-311] analyzing module zynq_blk_xbar_0_axi_crossbar_v2_1_19_axi_crossbar
INFO: [VRFC 10-311] analyzing module zynq_blk_xbar_0_axi_crossbar_v2_1_19_crossbar_sasd
INFO: [VRFC 10-311] analyzing module zynq_blk_xbar_0_axi_crossbar_v2_1_19_decerr_slave
INFO: [VRFC 10-311] analyzing module zynq_blk_xbar_0_axi_crossbar_v2_1_19_splitter
INFO: [VRFC 10-311] analyzing module zynq_blk_xbar_0_axi_crossbar_v2_1_19_splitter__parameterized0
INFO: [VRFC 10-311] analyzing module zynq_blk_xbar_0_axi_register_slice_v2_1_18_axic_register_slice
INFO: [VRFC 10-311] analyzing module zynq_blk_smartconnect_0_0_sc_exit_v1_0_8_axi3_conv
INFO: [VRFC 10-311] analyzing module zynq_blk_smartconnect_0_0_sc_exit_v1_0_8_exit
INFO: [VRFC 10-311] analyzing module zynq_blk_smartconnect_0_0_sc_exit_v1_0_8_splitter
INFO: [VRFC 10-311] analyzing module zynq_blk_smartconnect_0_0_sc_exit_v1_0_8_top
INFO: [VRFC 10-311] analyzing module zynq_blk_smartconnect_0_0_sc_mmu_v1_0_7_decerr_slave
INFO: [VRFC 10-311] analyzing module zynq_blk_smartconnect_0_0_sc_mmu_v1_0_7_top
INFO: [VRFC 10-311] analyzing module zynq_blk_smartconnect_0_0_sc_node_v1_0_10_fifo
INFO: [VRFC 10-311] analyzing module zynq_blk_smartconnect_0_0_sc_node_v1_0_10_fifo__parameterized0
INFO: [VRFC 10-311] analyzing module zynq_blk_smartconnect_0_0_sc_node_v1_0_10_fifo__parameterized1
INFO: [VRFC 10-311] analyzing module zynq_blk_smartconnect_0_0_sc_node_v1_0_10_mi_handler
INFO: [VRFC 10-311] analyzing module zynq_blk_smartconnect_0_0_sc_node_v1_0_10_mi_handler__parameterized0
INFO: [VRFC 10-311] analyzing module zynq_blk_smartconnect_0_0_sc_node_v1_0_10_mi_handler__parameterized1
INFO: [VRFC 10-311] analyzing module zynq_blk_smartconnect_0_0_sc_node_v1_0_10_si_handler
INFO: [VRFC 10-311] analyzing module zynq_blk_smartconnect_0_0_sc_node_v1_0_10_si_handler__parameterized0
INFO: [VRFC 10-311] analyzing module zynq_blk_smartconnect_0_0_sc_node_v1_0_10_si_handler__parameterized1
INFO: [VRFC 10-311] analyzing module zynq_blk_smartconnect_0_0_sc_node_v1_0_10_top
INFO: [VRFC 10-311] analyzing module zynq_blk_smartconnect_0_0_sc_node_v1_0_10_top__parameterized0
INFO: [VRFC 10-311] analyzing module zynq_blk_smartconnect_0_0_sc_node_v1_0_10_top__parameterized1
INFO: [VRFC 10-311] analyzing module zynq_blk_smartconnect_0_0_sc_si_converter_v1_0_7_splitter
INFO: [VRFC 10-311] analyzing module zynq_blk_smartconnect_0_0_sc_si_converter_v1_0_7_top
INFO: [VRFC 10-311] analyzing module zynq_blk_smartconnect_0_0_sc_util_v1_0_4_axi_reg_stall
INFO: [VRFC 10-311] analyzing module zynq_blk_smartconnect_0_0_sc_util_v1_0_4_axi_reg_stall_22
INFO: [VRFC 10-311] analyzing module zynq_blk_smartconnect_0_0_sc_util_v1_0_4_axi_reg_stall_23
INFO: [VRFC 10-311] analyzing module zynq_blk_smartconnect_0_0_sc_util_v1_0_4_axi_reg_stall_24
INFO: [VRFC 10-311] analyzing module zynq_blk_smartconnect_0_0_sc_util_v1_0_4_axi_reg_stall_25
INFO: [VRFC 10-311] analyzing module zynq_blk_smartconnect_0_0_sc_util_v1_0_4_axi_reg_stall_26
INFO: [VRFC 10-311] analyzing module zynq_blk_smartconnect_0_0_sc_util_v1_0_4_axi_reg_stall_27
INFO: [VRFC 10-311] analyzing module zynq_blk_smartconnect_0_0_sc_util_v1_0_4_axi_reg_stall_28
INFO: [VRFC 10-311] analyzing module zynq_blk_smartconnect_0_0_sc_util_v1_0_4_axic_reg_srl_fifo
INFO: [VRFC 10-311] analyzing module zynq_blk_smartconnect_0_0_sc_util_v1_0_4_axic_reg_srl_fifo__parameterized0
INFO: [VRFC 10-311] analyzing module zynq_blk_smartconnect_0_0_sc_util_v1_0_4_axic_reg_srl_fifo__parameterized3
INFO: [VRFC 10-311] analyzing module zynq_blk_smartconnect_0_0_sc_util_v1_0_4_axic_reg_srl_fifo__parameterized4
INFO: [VRFC 10-311] analyzing module zynq_blk_smartconnect_0_0_sc_util_v1_0_4_counter
INFO: [VRFC 10-311] analyzing module zynq_blk_smartconnect_0_0_sc_util_v1_0_4_counter_0
INFO: [VRFC 10-311] analyzing module zynq_blk_smartconnect_0_0_sc_util_v1_0_4_counter_2
INFO: [VRFC 10-311] analyzing module zynq_blk_smartconnect_0_0_sc_util_v1_0_4_counter_3
INFO: [VRFC 10-311] analyzing module zynq_blk_smartconnect_0_0_sc_util_v1_0_4_counter_6
INFO: [VRFC 10-311] analyzing module zynq_blk_smartconnect_0_0_sc_util_v1_0_4_counter_7
INFO: [VRFC 10-311] analyzing module zynq_blk_smartconnect_0_0_sc_util_v1_0_4_counter__parameterized0
INFO: [VRFC 10-311] analyzing module zynq_blk_smartconnect_0_0_sc_util_v1_0_4_counter__parameterized0_4
INFO: [VRFC 10-311] analyzing module zynq_blk_smartconnect_0_0_sc_util_v1_0_4_counter__parameterized0_8
INFO: [VRFC 10-311] analyzing module zynq_blk_smartconnect_0_0_sc_util_v1_0_4_pipeline
INFO: [VRFC 10-311] analyzing module zynq_blk_smartconnect_0_0_sc_util_v1_0_4_pipeline_1
INFO: [VRFC 10-311] analyzing module zynq_blk_smartconnect_0_0_sc_util_v1_0_4_pipeline_5
INFO: [VRFC 10-311] analyzing module zynq_blk_smartconnect_0_0_sc_util_v1_0_4_srl_rtl_12
INFO: [VRFC 10-311] analyzing module zynq_blk_smartconnect_0_0_sc_util_v1_0_4_srl_rtl_16
INFO: [VRFC 10-311] analyzing module zynq_blk_smartconnect_0_0_sc_util_v1_0_4_srl_rtl_17
INFO: [VRFC 10-311] analyzing module zynq_blk_smartconnect_0_0_sc_util_v1_0_4_srl_rtl_18
INFO: [VRFC 10-311] analyzing module zynq_blk_smartconnect_0_0_sc_util_v1_0_4_srl_rtl_29
INFO: [VRFC 10-311] analyzing module zynq_blk_smartconnect_0_0_sc_util_v1_0_4_srl_rtl_30
INFO: [VRFC 10-311] analyzing module zynq_blk_smartconnect_0_0_sc_util_v1_0_4_srl_rtl_31
INFO: [VRFC 10-311] analyzing module zynq_blk_smartconnect_0_0_sc_util_v1_0_4_srl_rtl_32
INFO: [VRFC 10-311] analyzing module zynq_blk_smartconnect_0_0_sc_util_v1_0_4_srl_rtl_33
INFO: [VRFC 10-311] analyzing module zynq_blk_smartconnect_0_0_sc_util_v1_0_4_srl_rtl_34
INFO: [VRFC 10-311] analyzing module zynq_blk_smartconnect_0_0_sc_util_v1_0_4_srl_rtl_35
INFO: [VRFC 10-311] analyzing module zynq_blk_smartconnect_0_0_sc_util_v1_0_4_srl_rtl_36
INFO: [VRFC 10-311] analyzing module zynq_blk_smartconnect_0_0_sc_util_v1_0_4_xpm_memory_fifo
INFO: [VRFC 10-311] analyzing module zynq_blk_smartconnect_0_0_sc_util_v1_0_4_xpm_memory_fifo__parameterized0
INFO: [VRFC 10-311] analyzing module zynq_blk_smartconnect_0_0_sc_util_v1_0_4_xpm_memory_fifo__parameterized1
INFO: [VRFC 10-311] analyzing module glbl
INFO: [VRFC 10-2263] Analyzing Verilog file "D:/zynq_tdc/tdc_system_prj/tdc_system_prj.srcs/sim_1/new/test_tdc_control.v" into library work
INFO: [VRFC 10-311] analyzing module test_tdc_control
