#-----------------------------------------------------------
# Vivado v2018.3 (64-bit)
# SW Build 2405991 on Thu Dec  6 23:38:27 MST 2018
# IP Build 2404404 on Fri Dec  7 01:43:56 MST 2018
# Start of session at: Sun Jul  7 11:53:22 2024
# Process ID: 30164
# Current directory: D:/zynq_tdc/tdc_system_prj/tdc_system_prj.srcs/sources_1/bd/zynq_blk/ip/zynq_blk_tdc_control_0_0
# Command line: vivado.exe -gui_launcher_event rodinguilauncherevent53048 D:\zynq_tdc\tdc_system_prj\tdc_system_prj.srcs\sources_1\bd\zynq_blk\ip\zynq_blk_tdc_control_0_0\zynq_blk_tdc_control_0_0.dcp
# Log file: D:/zynq_tdc/tdc_system_prj/tdc_system_prj.srcs/sources_1/bd/zynq_blk/ip/zynq_blk_tdc_control_0_0/vivado.log
# Journal file: D:/zynq_tdc/tdc_system_prj/tdc_system_prj.srcs/sources_1/bd/zynq_blk/ip/zynq_blk_tdc_control_0_0\vivado.jou
#-----------------------------------------------------------
start_gui
open_checkpoint D:/zynq_tdc/tdc_system_prj/tdc_system_prj.srcs/sources_1/bd/zynq_blk/ip/zynq_blk_tdc_control_0_0/zynq_blk_tdc_control_0_0.dcp
Command: open_checkpoint D:/zynq_tdc/tdc_system_prj/tdc_system_prj.srcs/sources_1/bd/zynq_blk/ip/zynq_blk_tdc_control_0_0/zynq_blk_tdc_control_0_0.dcp

Starting open_checkpoint Task

Time (s): cpu = 00:00:00 ; elapsed = 00:00:00.029 . Memory (MB): peak = 596.945 ; gain = 0.000
INFO: [IP_Flow 19-234] Refreshing IP repositories
INFO: [IP_Flow 19-1704] No user IP repositories specified
INFO: [IP_Flow 19-2313] Loaded Vivado IP repository 'C:/Xilinx/Vivado/2018.3/data/ip'.
INFO: [Netlist 29-17] Analyzing 8 Unisim elements for replacement
INFO: [Netlist 29-28] Unisim Transformation completed in 0 CPU seconds
INFO: [Project 1-479] Netlist was created with Vivado 2018.3
INFO: [Device 21-403] Loading part xc7z020clg484-2
INFO: [Project 1-570] Preparing netlist for logic optimization
Netlist sorting complete. Time (s): cpu = 00:00:00 ; elapsed = 00:00:00 . Memory (MB): peak = 963.109 ; gain = 0.000
INFO: [Project 1-111] Unisim Transformation Summary:
No Unisim elements were transformed.

INFO: [Project 1-604] Checkpoint was created with Vivado v2018.3 (64-bit) build 2405991
open_checkpoint: Time (s): cpu = 00:00:22 ; elapsed = 00:00:14 . Memory (MB): peak = 1158.723 ; gain = 561.777
close_design
exit
INFO: [Common 17-206] Exiting Vivado at Sun Jul  7 11:56:10 2024...
