#-----------------------------------------------------------
# Vivado v2018.3 (64-bit)
# SW Build 2405991 on Thu Dec  6 23:38:27 MST 2018
# IP Build 2404404 on Fri Dec  7 01:43:56 MST 2018
# Start of session at: Fri May 31 11:38:04 2024
# Process ID: 16760
# Current directory: D:/zynq_tdc/tdc_ip_prj/TDCChannel
# Command line: vivado.exe -gui_launcher_event rodinguilauncherevent15276 D:\zynq_tdc\tdc_ip_prj\TDCChannel\tdc_ip_prj.xpr
# Log file: D:/zynq_tdc/tdc_ip_prj/TDCChannel/vivado.log
# Journal file: D:/zynq_tdc/tdc_ip_prj/TDCChannel\vivado.jou
#-----------------------------------------------------------
start_gui
open_project D:/zynq_tdc/tdc_ip_prj/TDCChannel/tdc_ip_prj.xpr
INFO: [Project 1-313] Project file moved from 'D:/zynq_tdc/tdc_ip_prj' since last save.
Scanning sources...
Finished scanning sources
INFO: [IP_Flow 19-234] Refreshing IP repositories
INFO: [IP_Flow 19-1700] Loaded user IP repository 'd:/zynq_tdc/tdc_ip_prj/TDCChannel/tdc_ip_prj.srcs'.
INFO: [IP_Flow 19-2313] Loaded Vivado IP repository 'C:/Xilinx/Vivado/2018.3/data/ip'.
update_compile_order -fileset sources_1
exit
INFO: [Common 17-206] Exiting Vivado at Fri May 31 11:38:39 2024...
_compile_order -fileset sources_1eexit
INFO: [Common 17-206] Exiting Vivado at Fri May 31 11:38:42 2024...
