Copyright 1986-2018 Xilinx, Inc. All Rights Reserved.
------------------------------------------------------------------------------------
| Tool Version : Vivado v.2018.3 (win64) Build 2405991 Thu Dec  6 23:38:27 MST 2018
| Date         : Sat Jun  1 23:14:16 2024
| Host         : DESKTOP-QJLKIHB running 64-bit major release  (build 9200)
| Command      : upgrade_ip
| Device       : xc7z020clg484-2
------------------------------------------------------------------------------------

Upgrade Log for IP 'zynq_blk_tdc_ctl_fromps_0_1'

1. Summary
----------

SUCCESS in the upgrade of zynq_blk_tdc_ctl_fromps_0_1 (xilinx.com:user:tdc_ctl_fromps:1.0) from (Rev. 6) to (Rev. 7)






Copyright 1986-2018 Xilinx, Inc. All Rights Reserved.
------------------------------------------------------------------------------------
| Tool Version : Vivado v.2018.3 (win64) Build 2405991 Thu Dec  6 23:38:27 MST 2018
| Date         : Sat Jun  1 21:43:06 2024
| Host         : DESKTOP-QJLKIHB running 64-bit major release  (build 9200)
| Command      : upgrade_ip
| Device       : xc7z020clg484-2
------------------------------------------------------------------------------------

Upgrade Log for IP 'zynq_blk_tdc_ctl_fromps_0_1'

1. Summary
----------

CAUTION (success, with warnings) in the upgrade of zynq_blk_tdc_ctl_fromps_0_1 (xilinx.com:user:tdc_ctl_fromps:1.0) from (Rev. 5) to (Rev. 6)

After upgrade, an IP may have parameter and port differences compared to the original customization. Please review the parameters within the IP customization GUI to ensure proper functionality. Also, please review the updated IP instantiation template to ensure proper connectivity, and update your design if required.

2. Connection Warnings
----------------------

Detected external port differences while upgrading 'zynq_blk_tdc_ctl_fromps_0_1'. These changes may impact your design.


-Upgrade has removed port 'tdc_clr'

-Upgrade has added port 'clk_sys'

-Upgrade has added port 'tdc_calib_en'

-Upgrade has added port 'tdc_calib_finish'

-Upgrade has added port 'tdc_calibing'







Copyright 1986-2018 Xilinx, Inc. All Rights Reserved.
------------------------------------------------------------------------------------
| Tool Version : Vivado v.2018.3 (win64) Build 2405991 Thu Dec  6 23:38:27 MST 2018
| Date         : Sat Jun  1 21:36:32 2024
| Host         : DESKTOP-QJLKIHB running 64-bit major release  (build 9200)
| Command      : upgrade_ip
| Device       : xc7z020clg484-2
------------------------------------------------------------------------------------

Upgrade Log for IP 'zynq_blk_tdc_ctl_fromps_0_1'

1. Summary
----------

SUCCESS in the upgrade of zynq_blk_tdc_ctl_fromps_0_1 (xilinx.com:user:tdc_ctl_fromps:1.0) from (Rev. 4) to (Rev. 5)






Copyright 1986-2018 Xilinx, Inc. All Rights Reserved.
------------------------------------------------------------------------------------
| Tool Version : Vivado v.2018.3 (win64) Build 2405991 Thu Dec  6 23:38:27 MST 2018
| Date         : Thu May 23 23:47:54 2024
| Host         : DESKTOP-QJLKIHB running 64-bit major release  (build 9200)
| Command      : upgrade_ip
| Device       : xc7z020clg484-2
------------------------------------------------------------------------------------

Upgrade Log for IP 'TDCchannel_stop'

1. Summary
----------

SUCCESS in the upgrade of TDCchannel_stop (xilinx.com:user:TDCchannel:1.0) from (Rev. 5) to (Rev. 7)






Copyright 1986-2018 Xilinx, Inc. All Rights Reserved.
------------------------------------------------------------------------------------
| Tool Version : Vivado v.2018.3 (win64) Build 2405991 Thu Dec  6 23:38:27 MST 2018
| Date         : Thu May 23 23:47:33 2024
| Host         : DESKTOP-QJLKIHB running 64-bit major release  (build 9200)
| Command      : upgrade_ip
| Device       : xc7z020clg484-2
------------------------------------------------------------------------------------

Upgrade Log for IP 'TDCchannel_start'

1. Summary
----------

SUCCESS in the upgrade of TDCchannel_start (xilinx.com:user:TDCchannel:1.0) from (Rev. 5) to (Rev. 7)

