#-----------------------------------------------------------
# Vivado v2018.3 (64-bit)
# SW Build 2405991 on Thu Dec  6 23:38:27 MST 2018
# IP Build 2404404 on Fri Dec  7 01:43:56 MST 2018
# Start of session at: Wed Mar 12 14:02:51 2025
# Process ID: 4684
# Current directory: C:/Users/liuyx/Desktop/zynq_tdc20250311/tdc_system_prj
# Command line: vivado.exe -gui_launcher_event rodinguilauncherevent41932 C:\Users\liuyx\Desktop\zynq_tdc20250311\tdc_system_prj\tdc_system_prj.xpr
# Log file: C:/Users/liuyx/Desktop/zynq_tdc20250311/tdc_system_prj/vivado.log
# Journal file: C:/Users/liuyx/Desktop/zynq_tdc20250311/tdc_system_prj\vivado.jou
#-----------------------------------------------------------
start_gui
open_project C:/Users/liuyx/Desktop/zynq_tdc20250311/tdc_system_prj/tdc_system_prj.xpr
INFO: [Project 1-313] Project file moved from 'D:/zynq_tdc/tdc_system_prj' since last save.
Scanning sources...
Finished scanning sources
INFO: [IP_Flow 19-234] Refreshing IP repositories
INFO: [IP_Flow 19-1700] Loaded user IP repository 'c:/Users/liuyx/Desktop/zynq_tdc20250311/tdc_ip_prj'.
INFO: [IP_Flow 19-2313] Loaded Vivado IP repository 'C:/Xilinx/Vivado/2018.3/data/ip'.
open_project: Time (s): cpu = 00:00:12 ; elapsed = 00:00:06 . Memory (MB): peak = 885.496 ; gain = 230.648
update_compile_order -fileset sources_1
launch_sdk -workspace C:/Users/liuyx/Desktop/zynq_tdc20250311/tdc_system_prj/tdc_system_prj.sdk -hwspec C:/Users/liuyx/Desktop/zynq_tdc20250311/tdc_system_prj/tdc_system_prj.sdk/zynq_blk_wrapper.hdf
INFO: [Vivado 12-393] Launching SDK...
INFO: [Vivado 12-417] Running xsdk -workspace C:/Users/liuyx/Desktop/zynq_tdc20250311/tdc_system_prj/tdc_system_prj.sdk -hwspec C:/Users/liuyx/Desktop/zynq_tdc20250311/tdc_system_prj/tdc_system_prj.sdk/zynq_blk_wrapper.hdf
INFO: [Vivado 12-3157] SDK launch initiated. Please check console for any further messages.
exit
INFO: [Common 17-206] Exiting Vivado at Fri Mar 14 17:15:59 2025...
