#-----------------------------------------------------------
# Vivado v2018.3 (64-bit)
# SW Build 2405991 on Thu Dec  6 23:38:27 MST 2018
# IP Build 2404404 on Fri Dec  7 01:43:56 MST 2018
# Start of session at: Thu Feb  6 22:16:43 2025
# Process ID: 12404
# Current directory: C:/Users/alvinpc/Desktop/zynq_tdc/tdc_system_prj
# Command line: vivado.exe -gui_launcher_event rodinguilauncherevent34660 C:\Users\alvinpc\Desktop\zynq_tdc\tdc_system_prj\tdc_system_prj.xpr
# Log file: C:/Users/alvinpc/Desktop/zynq_tdc/tdc_system_prj/vivado.log
# Journal file: C:/Users/alvinpc/Desktop/zynq_tdc/tdc_system_prj\vivado.jou
#-----------------------------------------------------------
start_gui
open_project C:/Users/alvinpc/Desktop/zynq_tdc/tdc_system_prj/tdc_system_prj.xpr
INFO: [Project 1-313] Project file moved from 'D:/zynq_tdc/tdc_system_prj' since last save.
Scanning sources...
Finished scanning sources
INFO: [IP_Flow 19-234] Refreshing IP repositories
INFO: [IP_Flow 19-1700] Loaded user IP repository 'c:/Users/alvinpc/Desktop/zynq_tdc/tdc_ip_prj'.
INFO: [IP_Flow 19-2313] Loaded Vivado IP repository 'C:/Xilinx/Vivado/2018.3/data/ip'.
open_project: Time (s): cpu = 00:00:17 ; elapsed = 00:00:08 . Memory (MB): peak = 892.777 ; gain = 272.750
update_compile_order -fileset sources_1
launch_sdk -workspace C:/Users/alvinpc/Desktop/zynq_tdc/tdc_system_prj/tdc_system_prj.sdk -hwspec C:/Users/alvinpc/Desktop/zynq_tdc/tdc_system_prj/tdc_system_prj.sdk/zynq_blk_wrapper.hdf
INFO: [Vivado 12-393] Launching SDK...
INFO: [Vivado 12-417] Running xsdk -workspace C:/Users/alvinpc/Desktop/zynq_tdc/tdc_system_prj/tdc_system_prj.sdk -hwspec C:/Users/alvinpc/Desktop/zynq_tdc/tdc_system_prj/tdc_system_prj.sdk/zynq_blk_wrapper.hdf
INFO: [Vivado 12-3157] SDK launch initiated. Please check console for any further messages.
exit
INFO: [Common 17-206] Exiting Vivado at Fri Feb  7 10:19:59 2025...
