#-----------------------------------------------------------
# Vivado v2018.3 (64-bit)
# SW Build 2405991 on Thu Dec  6 23:38:27 MST 2018
# IP Build 2404404 on Fri Dec  7 01:43:56 MST 2018
# Start of session at: Tue Feb  4 11:34:45 2025
# Process ID: 26488
# Current directory: D:/zynq_tdc/tdc_system_prj
# Command line: vivado.exe -gui_launcher_event rodinguilauncherevent24076 D:\zynq_tdc\tdc_system_prj\tdc_system_prj.xpr
# Log file: D:/zynq_tdc/tdc_system_prj/vivado.log
# Journal file: D:/zynq_tdc/tdc_system_prj\vivado.jou
#-----------------------------------------------------------
start_gui
open_project D:/zynq_tdc/tdc_system_prj/tdc_system_prj.xpr
Scanning sources...
Finished scanning sources
INFO: [IP_Flow 19-234] Refreshing IP repositories
INFO: [IP_Flow 19-1700] Loaded user IP repository 'd:/zynq_tdc/tdc_ip_prj'.
INFO: [IP_Flow 19-2313] Loaded Vivado IP repository 'C:/Xilinx/Vivado/2018.3/data/ip'.
open_project: Time (s): cpu = 00:00:11 ; elapsed = 00:00:05 . Memory (MB): peak = 1224.730 ; gain = 323.371
launch_sdk -workspace D:/zynq_tdc/tdc_system_prj/tdc_system_prj.sdk -hwspec D:/zynq_tdc/tdc_system_prj/tdc_system_prj.sdk/zynq_blk_wrapper.hdf
INFO: [Vivado 12-393] Launching SDK...
INFO: [Vivado 12-417] Running xsdk -workspace D:/zynq_tdc/tdc_system_prj/tdc_system_prj.sdk -hwspec D:/zynq_tdc/tdc_system_prj/tdc_system_prj.sdk/zynq_blk_wrapper.hdf
INFO: [Vivado 12-3157] SDK launch initiated. Please check console for any further messages.
update_compile_order -fileset sources_1
